╔══════════════════════════════════════════════╗
║  Flush+Reload Demo  –  VICTIM  (ARMv8)      ║
║  Simulates a session-token service.         ║
╚══════════════════════════════════════════════╝

[victim] PID=151825
[victim] Spy file : /tmp/fr_demo_spy
[victim] Token    : SESSION | id=8f3a1c9d2e7b4056 | user=bob | role=admin

[victim] Initial token written:
[victim]   SESSION | id=8f3a1c9d2e7b4056 | user=bob | role=admin | expires=1781303341 | iter=0

[victim] Running — refreshing token every 80 ms

[victim] iter=25      ts=1781299743
[victim] iter=50      ts=1781299745
[victim] iter=75      ts=1781299747
[victim] iter=100     ts=1781299749
[victim] iter=125     ts=1781299751
[victim] iter=150     ts=1781299753
[victim] iter=175     ts=1781299755
[victim] iter=200     ts=1781299757

[victim] Shutting down …
[victim] Removed spy file.  Done.
