╔══════════════════════════════════════════════════════════════╗
║  Flush+Reload Demo  –  ATTACKER  (ARMv8 / Cortex-A53)      ║
║  Monitoring spy file for victim accesses to session token.  ║
╚══════════════════════════════════════════════════════════════╝

[attacker] Timer frequency: 19200000 Hz  (52.1 ns/tick)

[attacker] Waiting for spy file '/tmp/fr_demo_spy' …

[attacker] Spy file opened (fd=4)
[attacker] Spy page mapped at virtual 0xffffbb8a8000  (shared physical page)

[attacker] ── Phase 1: Calibration ──────────────────────────
[attacker] Calibration results (200 samples):
[attacker]   L2 cache HIT  =    134 ns  (line already in cache)
[attacker]   DRAM miss     =   2535 ns  (line not in cache)
[attacker]   Threshold     =   1334 ns  (midpoint)

[attacker] ── Phase 2: Flush+Reload Sampling ─────────────────
[attacker] Collecting 200 samples (warmup=10, wait=70 ms per sample)

  Sample  Reload(ns)  Decision  Running hit count
  ──────  ──────────  ────────  ─────────────────
  1       1562        miss      0 hits so far  (warmup)
  2       2708        miss      0 hits so far  (warmup)
  3       2604        miss      0 hits so far  (warmup)
  4       3333        miss      0 hits so far  (warmup)
  5       2135        miss      0 hits so far  (warmup)
  6       2343        miss      0 hits so far  (warmup)
  7       1927        miss      0 hits so far  (warmup)
  8       2447        miss      0 hits so far  (warmup)
  9       63020       miss      0 hits so far  (warmup)
  10      1562        miss      0 hits so far  (warmup)
  11      2552        miss      0 hits so far
  12      2135        miss      0 hits so far
  13      3229        miss      0 hits so far
  14      2187        miss      0 hits so far
  15      1770        miss      0 hits so far
  16      2187        miss      0 hits so far
  17      2968        miss      0 hits so far
  18      1822        miss      0 hits so far
  19      2343        miss      0 hits so far
  20      2552        miss      0 hits so far
  21      2395        miss      0 hits so far
  22      2447        miss      0 hits so far
  23      1822        miss      0 hits so far
  24      1458        miss      0 hits so far
  25      2604        miss      0 hits so far
  26      1458        miss      0 hits so far
  27      2395        miss      0 hits so far
  28      2031        miss      0 hits so far
  29      2239        miss      0 hits so far
  30      2552        miss      0 hits so far
  31      1354        miss      0 hits so far
  32      2083        miss      0 hits so far
  33      1666        miss      0 hits so far
  34      1458        miss      0 hits so far
  35      3385        miss      0 hits so far
  36      3229        miss      0 hits so far
  37      1197        HIT ◄   1 hits so far
  38      1718        miss      1 hits so far
  39      1354        miss      1 hits so far
  40      1562        miss      1 hits so far
  41      1614        miss      1 hits so far
  42      1875        miss      1 hits so far
  43      1302        HIT ◄   2 hits so far
  44      3541        miss      2 hits so far
  45      1614        miss      2 hits so far
  46      1666        miss      2 hits so far
  47      1250        HIT ◄   3 hits so far
  48      1197        HIT ◄   4 hits so far
  49      2291        miss      4 hits so far
  50      1145        HIT ◄   5 hits so far
  51      1406        miss      5 hits so far
  52      2447        miss      5 hits so far
  53      1510        miss      5 hits so far
  54      2031        miss      5 hits so far
  55      1510        miss      5 hits so far
  56      1354        miss      5 hits so far
  57      1822        miss      5 hits so far
  58      1718        miss      5 hits so far
  59      1250        HIT ◄   6 hits so far
  60      2760        miss      6 hits so far
  61      2031        miss      6 hits so far
  62      1562        miss      6 hits so far
  63      1406        miss      6 hits so far
  64      2291        miss      6 hits so far
  65      1875        miss      6 hits so far
  66      1302        HIT ◄   7 hits so far
  67      2187        miss      7 hits so far
  68      2604        miss      7 hits so far
  69      2395        miss      7 hits so far
  70      1562        miss      7 hits so far
  71      1666        miss      7 hits so far
  72      1093        HIT ◄   8 hits so far
  73      1302        HIT ◄   9 hits so far
  74      1406        miss      9 hits so far
  75      2968        miss      9 hits so far
  76      2708        miss      9 hits so far
  77      2135        miss      9 hits so far
  78      1822        miss      9 hits so far
  79      2291        miss      9 hits so far
  80      1510        miss      9 hits so far
  81      1927        miss      9 hits so far
  82      1354        miss      9 hits so far
  83      1510        miss      9 hits so far
  84      2604        miss      9 hits so far
  85      2552        miss      9 hits so far
  86      1354        miss      9 hits so far
  87      1979        miss      9 hits so far
  88      1406        miss      9 hits so far
  89      1562        miss      9 hits so far
  90      1458        miss      9 hits so far
  91      1197        HIT ◄   10 hits so far
  92      3489        miss      10 hits so far
  93      2395        miss      10 hits so far
  94      1927        miss      10 hits so far
  95      1302        HIT ◄   11 hits so far
  96      1718        miss      11 hits so far
  97      1145        HIT ◄   12 hits so far
  98      2031        miss      12 hits so far
  99      1354        miss      12 hits so far
  100     2604        miss      12 hits so far
  101     2343        miss      12 hits so far
  102     1458        miss      12 hits so far
  103     1250        HIT ◄   13 hits so far
  104     1770        miss      13 hits so far
  105     1614        miss      13 hits so far
  106     1718        miss      13 hits so far
  107     2552        miss      13 hits so far
  108     2552        miss      13 hits so far
  109     2083        miss      13 hits so far
  110     2031        miss      13 hits so far
  111     1302        HIT ◄   14 hits so far
  112     2083        miss      14 hits so far
  113     1875        miss      14 hits so far
  114     1302        HIT ◄   15 hits so far
  115     1302        HIT ◄   16 hits so far
  116     572         HIT ◄   17 hits so far
  117     2500        miss      17 hits so far
  118     1979        miss      17 hits so far
  119     2812        miss      17 hits so far
  120     1666        miss      17 hits so far
  121     1406        miss      17 hits so far
  122     1562        miss      17 hits so far
  123     1093        HIT ◄   18 hits so far
  124     989         HIT ◄   19 hits so far
  125     2291        miss      19 hits so far
  126     1458        miss      19 hits so far
  127     2812        miss      19 hits so far
  128     1718        miss      19 hits so far
  129     1093        HIT ◄   20 hits so far
  130     1302        HIT ◄   21 hits so far
  131     1927        miss      21 hits so far
  132     1302        HIT ◄   22 hits so far
  133     2916        miss      22 hits so far
  134     1718        miss      22 hits so far
  135     1770        miss      22 hits so far
  136     1979        miss      22 hits so far
  137     1354        miss      22 hits so far
  138     2604        miss      22 hits so far
  139     1302        HIT ◄   23 hits so far
  140     1875        miss      23 hits so far
  141     2604        miss      23 hits so far
  142     2395        miss      23 hits so far
  143     2135        miss      23 hits so far
  144     1354        miss      23 hits so far
  145     2812        miss      23 hits so far
  146     1614        miss      23 hits so far
  147     1041        HIT ◄   24 hits so far
  148     1041        HIT ◄   25 hits so far
  149     2239        miss      25 hits so far
  150     1302        HIT ◄   26 hits so far
  151     1197        HIT ◄   27 hits so far
  152     1093        HIT ◄   28 hits so far
  153     1458        miss      28 hits so far
  154     1041        HIT ◄   29 hits so far
  155     1041        HIT ◄   30 hits so far
  156     1302        HIT ◄   31 hits so far
  157     2500        miss      31 hits so far
  158     1406        miss      31 hits so far
  159     1250        HIT ◄   32 hits so far
  160     1250        HIT ◄   33 hits so far
  161     1197        HIT ◄   34 hits so far
  162     1197        HIT ◄   35 hits so far
  163     1822        miss      35 hits so far
  164     1875        miss      35 hits so far
  165     2447        miss      35 hits so far
  166     2656        miss      35 hits so far
  167     1510        miss      35 hits so far
  168     1354        miss      35 hits so far
  169     1302        HIT ◄   36 hits so far
  170     1510        miss      36 hits so far
  171     1406        miss      36 hits so far
  172     1197        HIT ◄   37 hits so far
  173     2343        miss      37 hits so far
  174     1927        miss      37 hits so far
  175     1562        miss      37 hits so far
  176     2135        miss      37 hits so far
  177     1093        HIT ◄   38 hits so far
  178     1093        HIT ◄   39 hits so far
  179     1197        HIT ◄   40 hits so far
  180     1510        miss      40 hits so far
  181     2291        miss      40 hits so far
  182     1354        miss      40 hits so far
  183     1250        HIT ◄   41 hits so far
  184     1302        HIT ◄   42 hits so far
  185     1562        miss      42 hits so far
  186     1250        HIT ◄   43 hits so far
  187     1458        miss      43 hits so far
  188     1770        miss      43 hits so far
  189     937         HIT ◄   44 hits so far
  190     2916        miss      44 hits so far
  191     2812        miss      44 hits so far
  192     2083        miss      44 hits so far
  193     1562        miss      44 hits so far
  194     1458        miss      44 hits so far
  195     1510        miss      44 hits so far
  196     2552        miss      44 hits so far
  197     885         HIT ◄   45 hits so far
  198     2239        miss      45 hits so far
  199     1822        miss      45 hits so far
  200     2239        miss      45 hits so far

══════════════════════════════════════════════════════════════
  FLUSH+RELOAD — STATISTICAL SUMMARY  (190 samples)
══════════════════════════════════════════════════════════════
  Total cache hits   : 45 / 190  (23%)
  Average reload time: 1817 ns
  Threshold          : 1334 ns
  Verdict            : Low hit rate — check timing / CPU pinning.

══════════════════════════════════════════════════════════════
  EXTRACTING SESSION TOKEN FROM SPY PAGE
══════════════════════════════════════════════════════════════

  ╔════════════════════════════════════════════════════════════════╗
  ║  Offset   Hex (16 bytes/row)                   ASCII          ║
  ╠════════════════════════════════════════════════════════════════╣
  ║  0000   53 45 53 53 49 4f 4e 20  7c 20 69 64 3d 38 66 33  │ SESSION | id=8f3 ║
  ║  0010   61 31 63 39 64 32 65 37  62 34 30 35 36 20 7c 20  │ a1c9d2e7b4056 |  ║
  ║  0020   75 73 65 72 3d 62 6f 62  20 7c 20 72 6f 6c 65 3d  │ user=bob | role= ║
  ║  0030   61 64 6d 69 6e 20 7c 20  65 78 70 69 72 65 73 3d  │ admin | expires= ║
  ║  0040   31 37 38 31 33 30 33 30  36 39 20 7c 20 69 74 65  │ 1781303069 | ite ║
  ║  0050   72 3d 31 37 37 00 00 00  00 00 00 00 00 00 00 00  │ r=177........... ║
  ║  0060   00 00 00 00 00 00 00 00  00 00 00 00 00 00 00 00  │ ................ ║
  ║  0070   00 00 00 00 00 00 00 00  00 00 00 00 00 00 00 00  │ ................ ║
  ║  0080   00 00 00 00 00 00 00 00  00 00 00 00 00 00 00 00  │ ................ ║
  ║  0090   00 00 00 00 00 00 00 00  00 00 00 00 00 00 00 00  │ ................ ║
  ║  00a0   00 00 00 00 00 00 00 00  00 00 00 00 00 00 00 00  │ ................ ║
  ║  00b0   00 00 00 00 00 00 00 00  00 00 00 00 00 00 00 00  │ ................ ║
  ╚════════════════════════════════════════════════════════════════╝

  ╔══════════════════════════════════════════════════════════════╗
  ║       *** FLUSH+RELOAD ATTACK SUCCESSFUL ***                ║
  ╠══════════════════════════════════════════════════════════════╣
  ║  Cache hits observed   : 45                                  ║
  ║  Hit rate              : 23                                 %║
  ║  Average reload time   : 1817                              ns ║
  ╠══════════════════════════════════════════════════════════════╣
  ║  EXTRACTED SESSION TOKEN:                                   ║
  ║    SESSION | id=8f3a1c9d2e7b4056 | user=bob | role=admin | expire║
  ║    pires=1781303069 | iter=177                                   ║
  ╠══════════════════════════════════════════════════════════════╣
  ║  Attack used no IPC, no signals, no ptrace.                 ║
  ║  Token was read purely via cache timing side-channel.       ║
  ╚══════════════════════════════════════════════════════════════╝

[attacker] Done.
