╔══════════════════════════════════════════════════════════════╗
║  Flush+Reload Demo  –  ATTACKER  (ARMv8 / Cortex-A53)      ║
║  Monitoring spy file for victim accesses to session token.  ║
╚══════════════════════════════════════════════════════════════╝

[attacker] Timer frequency: 19200000 Hz  (52.1 ns/tick)

[attacker] Waiting for spy file '/tmp/fr_demo_spy' …

[attacker] Spy file opened (fd=4)
[attacker] Spy page mapped at virtual 0xffff92982000  (shared physical page)

[attacker] ── Phase 1: Calibration ──────────────────────────
[attacker] Calibration results (200 samples):
[attacker]   L2 cache HIT  =    136 ns  (line already in cache)
[attacker]   DRAM miss     =   2314 ns  (line not in cache)
[attacker]   Threshold     =   1225 ns  (midpoint)

[attacker] ── Phase 2: Flush+Reload Sampling ─────────────────
[attacker] Collecting 200 samples (warmup=10, wait=70 ms per sample)

  Sample  Reload(ns)  Decision  Running hit count
  ──────  ──────────  ────────  ─────────────────
  1       1822        miss      0 hits so far  (warmup)
  2       1093        HIT ◄   0 hits so far  (warmup)
  3       2239        miss      0 hits so far  (warmup)
  4       1145        HIT ◄   0 hits so far  (warmup)
  5       1718        miss      0 hits so far  (warmup)
  6       2291        miss      0 hits so far  (warmup)
  7       2343        miss      0 hits so far  (warmup)
  8       1510        miss      0 hits so far  (warmup)
  9       1354        miss      0 hits so far  (warmup)
  10      1510        miss      0 hits so far  (warmup)
  11      2552        miss      0 hits so far
  12      1927        miss      0 hits so far
  13      1406        miss      0 hits so far
  14      1510        miss      0 hits so far
  15      1979        miss      0 hits so far
  16      1093        HIT ◄   1 hits so far
  17      1250        miss      1 hits so far
  18      989         HIT ◄   2 hits so far
  19      3281        miss      2 hits so far
  20      1666        miss      2 hits so far
  21      1302        miss      2 hits so far
  22      1666        miss      2 hits so far
  23      1875        miss      2 hits so far
  24      1354        miss      2 hits so far
  25      1406        miss      2 hits so far
  26      2239        miss      2 hits so far
  27      2812        miss      2 hits so far
  28      1666        miss      2 hits so far
  29      1354        miss      2 hits so far
  30      2187        miss      2 hits so far
  31      1197        HIT ◄   3 hits so far
  32      1145        HIT ◄   4 hits so far
  33      1510        miss      4 hits so far
  34      1354        miss      4 hits so far
  35      2864        miss      4 hits so far
  36      2083        miss      4 hits so far
  37      1927        miss      4 hits so far
  38      1614        miss      4 hits so far
  39      781         HIT ◄   5 hits so far
  40      937         HIT ◄   6 hits so far
  41      1354        miss      6 hits so far
  42      1093        HIT ◄   7 hits so far
  43      2447        miss      7 hits so far
  44      1302        miss      7 hits so far
  45      2083        miss      7 hits so far
  46      1458        miss      7 hits so far
  47      1510        miss      7 hits so far
  48      1770        miss      7 hits so far
  49      1302        miss      7 hits so far
  50      1354        miss      7 hits so far
  51      2343        miss      7 hits so far
  52      1927        miss      7 hits so far
  53      1770        miss      7 hits so far
  54      2187        miss      7 hits so far
  55      1875        miss      7 hits so far
  56      1250        miss      7 hits so far
  57      1562        miss      7 hits so far
  58      1614        miss      7 hits so far
  59      572         HIT ◄   8 hits so far
  60      2500        miss      8 hits so far
  61      1822        miss      8 hits so far
  62      1718        miss      8 hits so far
  63      2135        miss      8 hits so far
  64      1927        miss      8 hits so far
  65      2395        miss      8 hits so far
  66      2135        miss      8 hits so far
  67      1875        miss      8 hits so far
  68      2604        miss      8 hits so far
  69      1822        miss      8 hits so far
  70      1927        miss      8 hits so far
  71      1197        HIT ◄   9 hits so far
  72      1406        miss      9 hits so far
  73      937         HIT ◄   10 hits so far
  74      1250        miss      10 hits so far
  75      1197        HIT ◄   11 hits so far
  76      2447        miss      11 hits so far
  77      1406        miss      11 hits so far
  78      1250        miss      11 hits so far
  79      1666        miss      11 hits so far
  80      2552        miss      11 hits so far
  81      1510        miss      11 hits so far
  82      1510        miss      11 hits so far
  83      729         HIT ◄   12 hits so far
  84      4583        miss      12 hits so far
  85      1458        miss      12 hits so far
  86      1979        miss      12 hits so far
  87      1770        miss      12 hits so far
  88      2552        miss      12 hits so far
  89      833         HIT ◄   13 hits so far
  90      1822        miss      13 hits so far
  91      1145        HIT ◄   14 hits so far
  92      2135        miss      14 hits so far
  93      1614        miss      14 hits so far
  94      2395        miss      14 hits so far
  95      1666        miss      14 hits so far
  96      1927        miss      14 hits so far
  97      1197        HIT ◄   15 hits so far
  98      2760        miss      15 hits so far
  99      1406        miss      15 hits so far
  100     2135        miss      15 hits so far
  101     1614        miss      15 hits so far
  102     2291        miss      15 hits so far
  103     1510        miss      15 hits so far
  104     1822        miss      15 hits so far
  105     1770        miss      15 hits so far
  106     2343        miss      15 hits so far
  107     2135        miss      15 hits so far
  108     2916        miss      15 hits so far
  109     2604        miss      15 hits so far
  110     1614        miss      15 hits so far
  111     989         HIT ◄   16 hits so far
  112     1041        HIT ◄   17 hits so far
  113     1354        miss      17 hits so far
  114     2500        miss      17 hits so far
  115     1145        HIT ◄   18 hits so far
  116     2239        miss      18 hits so far
  117     1927        miss      18 hits so far
  118     2135        miss      18 hits so far
  119     2447        miss      18 hits so far
  120     1666        miss      18 hits so far
  121     1406        miss      18 hits so far
  122     1041        HIT ◄   19 hits so far
  123     1666        miss      19 hits so far
  124     2604        miss      19 hits so far
  125     1510        miss      19 hits so far
  126     1354        miss      19 hits so far
  127     2083        miss      19 hits so far
  128     1822        miss      19 hits so far
  129     1979        miss      19 hits so far
  130     1562        miss      19 hits so far
  131     1197        HIT ◄   20 hits so far
  132     2656        miss      20 hits so far
  133     2395        miss      20 hits so far
  134     2239        miss      20 hits so far
  135     2552        miss      20 hits so far
  136     2604        miss      20 hits so far
  137     2135        miss      20 hits so far
  138     2187        miss      20 hits so far
  139     2135        miss      20 hits so far
  140     2552        miss      20 hits so far
  141     2395        miss      20 hits so far
  142     9270        miss      20 hits so far
  143     2239        miss      20 hits so far
  144     2239        miss      20 hits so far
  145     1979        miss      20 hits so far
  146     2604        miss      20 hits so far
  147     1979        miss      20 hits so far
  148     625         HIT ◄   21 hits so far
  149     3489        miss      21 hits so far
  150     2968        miss      21 hits so far
  151     2291        miss      21 hits so far
  152     2239        miss      21 hits so far
  153     2135        miss      21 hits so far
  154     2291        miss      21 hits so far
  155     2135        miss      21 hits so far
  156     1614        miss      21 hits so far
  157     2239        miss      21 hits so far
  158     3489        miss      21 hits so far
  159     2083        miss      21 hits so far
  160     2656        miss      21 hits so far
  161     2031        miss      21 hits so far
  162     2395        miss      21 hits so far
  163     2343        miss      21 hits so far
  164     1041        HIT ◄   22 hits so far
  165     3072        miss      22 hits so far
  166     3125        miss      22 hits so far
  167     2135        miss      22 hits so far
  168     2187        miss      22 hits so far
  169     2395        miss      22 hits so far
  170     1875        miss      22 hits so far
  171     2031        miss      22 hits so far
  172     1250        miss      22 hits so far
  173     2916        miss      22 hits so far
  174     2083        miss      22 hits so far
  175     2395        miss      22 hits so far
  176     2447        miss      22 hits so far
  177     2135        miss      22 hits so far
  178     3020        miss      22 hits so far
  179     2187        miss      22 hits so far
  180     1718        miss      22 hits so far
  181     2656        miss      22 hits so far
  182     2239        miss      22 hits so far
  183     2291        miss      22 hits so far
  184     2135        miss      22 hits so far
  185     1510        miss      22 hits so far
  186     2447        miss      22 hits so far
  187     2083        miss      22 hits so far
  188     1458        miss      22 hits so far
  189     2604        miss      22 hits so far
  190     2447        miss      22 hits so far
  191     2500        miss      22 hits so far
  192     2916        miss      22 hits so far
  193     2552        miss      22 hits so far
  194     2812        miss      22 hits so far
  195     2135        miss      22 hits so far
  196     1875        miss      22 hits so far
  197     2395        miss      22 hits so far
  198     2552        miss      22 hits so far
  199     2291        miss      22 hits so far
  200     2812        miss      22 hits so far

══════════════════════════════════════════════════════════════
  FLUSH+RELOAD — STATISTICAL SUMMARY  (190 samples)
══════════════════════════════════════════════════════════════
  Total cache hits   : 22 / 190  (11%)
  Average reload time: 1995 ns
  Threshold          : 1225 ns
  Verdict            : Low hit rate — check timing / CPU pinning.

══════════════════════════════════════════════════════════════
  EXTRACTING SESSION TOKEN FROM SPY PAGE
══════════════════════════════════════════════════════════════

  ╔════════════════════════════════════════════════════════════════╗
  ║  Offset   Hex (16 bytes/row)                   ASCII          ║
  ╠════════════════════════════════════════════════════════════════╣
  ║  0000   53 45 53 53 49 4f 4e 20  7c 20 69 64 3d 38 66 33  │ SESSION | id=8f3 ║
  ║  0010   61 31 63 39 64 32 65 37  62 34 30 35 36 20 7c 20  │ a1c9d2e7b4056 |  ║
  ║  0020   75 73 65 72 3d 62 6f 62  20 7c 20 72 6f 6c 65 3d  │ user=bob | role= ║
  ║  0030   61 64 6d 69 6e 20 7c 20  65 78 70 69 72 65 73 3d  │ admin | expires= ║
  ║  0040   31 37 38 31 33 30 33 32  30 38 20 7c 20 69 74 65  │ 1781303208 | ite ║
  ║  0050   72 3d 31 38 39 00 00 00  00 00 00 00 00 00 00 00  │ r=189........... ║
  ║  0060   00 00 00 00 00 00 00 00  00 00 00 00 00 00 00 00  │ ................ ║
  ║  0070   00 00 00 00 00 00 00 00  00 00 00 00 00 00 00 00  │ ................ ║
  ║  0080   00 00 00 00 00 00 00 00  00 00 00 00 00 00 00 00  │ ................ ║
  ║  0090   00 00 00 00 00 00 00 00  00 00 00 00 00 00 00 00  │ ................ ║
  ║  00a0   00 00 00 00 00 00 00 00  00 00 00 00 00 00 00 00  │ ................ ║
  ║  00b0   00 00 00 00 00 00 00 00  00 00 00 00 00 00 00 00  │ ................ ║
  ╚════════════════════════════════════════════════════════════════╝

  ╔══════════════════════════════════════════════════════════════╗
  ║       *** FLUSH+RELOAD ATTACK SUCCESSFUL ***                ║
  ╠══════════════════════════════════════════════════════════════╣
  ║  Cache hits observed   : 22                                  ║
  ║  Hit rate              : 11                                 %║
  ║  Average reload time   : 1995                              ns ║
  ╠══════════════════════════════════════════════════════════════╣
  ║  EXTRACTED SESSION TOKEN:                                   ║
  ║    SESSION | id=8f3a1c9d2e7b4056 | user=bob | role=admin | expire║
  ║    pires=1781303208 | iter=189                                   ║
  ╠══════════════════════════════════════════════════════════════╣
  ║  Attack used no IPC, no signals, no ptrace.                 ║
  ║  Token was read purely via cache timing side-channel.       ║
  ╚══════════════════════════════════════════════════════════════╝

[attacker] Done.
