╔══════════════════════════════════════════════════════════════╗
║  Flush+Reload Demo  –  ATTACKER  (ARMv8 / Cortex-A53)      ║
║  Monitoring spy file for victim accesses to session token.  ║
╚══════════════════════════════════════════════════════════════╝

[attacker] Timer frequency: 19200000 Hz  (52.1 ns/tick)

[attacker] Waiting for spy file '/tmp/fr_demo_spy' …

[attacker] Spy file opened (fd=4)
[attacker] Spy page mapped at virtual 0xffff8cf71000  (shared physical page)

[attacker] ── Phase 1: Calibration ──────────────────────────
[attacker] Calibration results (200 samples):
[attacker]   L2 cache HIT  =    134 ns  (line already in cache)
[attacker]   DRAM miss     =   1811 ns  (line not in cache)
[attacker]   Threshold     =    972 ns  (midpoint)

[attacker] ── Phase 2: Flush+Reload Sampling ─────────────────
[attacker] Collecting 200 samples (warmup=10, wait=70 ms per sample)

  Sample  Reload(ns)  Decision  Running hit count
  ──────  ──────────  ────────  ─────────────────
  1       520         HIT ◄   0 hits so far  (warmup)
  2       520         HIT ◄   0 hits so far  (warmup)
  3       2031        miss      0 hits so far  (warmup)
  4       520         HIT ◄   0 hits so far  (warmup)
  5       468         HIT ◄   0 hits so far  (warmup)
  6       520         HIT ◄   0 hits so far  (warmup)
  7       989         miss      0 hits so far  (warmup)
  8       520         HIT ◄   0 hits so far  (warmup)
  9       520         HIT ◄   0 hits so far  (warmup)
  10      572         HIT ◄   0 hits so far  (warmup)
  11      2031        miss      0 hits so far
  12      520         HIT ◄   1 hits so far
  13      520         HIT ◄   2 hits so far
  14      572         HIT ◄   3 hits so far
  15      468         HIT ◄   4 hits so far
  16      572         HIT ◄   5 hits so far

[attacker] ★ 5 consecutive cache HITS — victim access confirmed!

  17      520         HIT ◄   6 hits so far
  18      520         HIT ◄   7 hits so far
  19      1927        miss      7 hits so far
  20      45156       miss      7 hits so far
  21      520         HIT ◄   8 hits so far
  22      520         HIT ◄   9 hits so far
  23      520         HIT ◄   10 hits so far
  24      572         HIT ◄   11 hits so far
  25      468         HIT ◄   12 hits so far
  26      468         HIT ◄   13 hits so far
  27      2031        miss      13 hits so far
  28      885         HIT ◄   14 hits so far
  29      520         HIT ◄   15 hits so far
  30      572         HIT ◄   16 hits so far
  31      885         HIT ◄   17 hits so far
  32      520         HIT ◄   18 hits so far
  33      520         HIT ◄   19 hits so far
  34      572         HIT ◄   20 hits so far
  35      1927        miss      20 hits so far
  36      468         HIT ◄   21 hits so far
  37      468         HIT ◄   22 hits so far
  38      520         HIT ◄   23 hits so far
  39      468         HIT ◄   24 hits so far
  40      520         HIT ◄   25 hits so far
  41      520         HIT ◄   26 hits so far
  42      520         HIT ◄   27 hits so far
  43      1875        miss      27 hits so far
  44      520         HIT ◄   28 hits so far
  45      520         HIT ◄   29 hits so far
  46      572         HIT ◄   30 hits so far
  47      520         HIT ◄   31 hits so far
  48      468         HIT ◄   32 hits so far
  49      520         HIT ◄   33 hits so far
  50      520         HIT ◄   34 hits so far
  51      2031        miss      34 hits so far
  52      468         HIT ◄   35 hits so far
  53      520         HIT ◄   36 hits so far
  54      520         HIT ◄   37 hits so far
  55      520         HIT ◄   38 hits so far
  56      520         HIT ◄   39 hits so far
  57      520         HIT ◄   40 hits so far
  58      468         HIT ◄   41 hits so far
  59      1875        miss      41 hits so far
  60      833         HIT ◄   42 hits so far
  61      677         HIT ◄   43 hits so far
  62      729         HIT ◄   44 hits so far
  63      520         HIT ◄   45 hits so far
  64      520         HIT ◄   46 hits so far
  65      520         HIT ◄   47 hits so far
  66      520         HIT ◄   48 hits so far
  67      1770        miss      48 hits so far
  68      520         HIT ◄   49 hits so far
  69      729         HIT ◄   50 hits so far
  70      520         HIT ◄   51 hits so far
  71      468         HIT ◄   52 hits so far
  72      520         HIT ◄   53 hits so far
  73      520         HIT ◄   54 hits so far
  74      520         HIT ◄   55 hits so far
  75      1927        miss      55 hits so far
  76      520         HIT ◄   56 hits so far
  77      520         HIT ◄   57 hits so far
  78      520         HIT ◄   58 hits so far
  79      520         HIT ◄   59 hits so far
  80      468         HIT ◄   60 hits so far
  81      520         HIT ◄   61 hits so far
  82      520         HIT ◄   62 hits so far
  83      1875        miss      62 hits so far
  84      520         HIT ◄   63 hits so far
  85      468         HIT ◄   64 hits so far
  86      572         HIT ◄   65 hits so far
  87      677         HIT ◄   66 hits so far
  88      885         HIT ◄   67 hits so far
  89      468         HIT ◄   68 hits so far
  90      520         HIT ◄   69 hits so far
  91      1927        miss      69 hits so far
  92      1197        miss      69 hits so far
  93      729         HIT ◄   70 hits so far
  94      520         HIT ◄   71 hits so far
  95      468         HIT ◄   72 hits so far
  96      520         HIT ◄   73 hits so far
  97      520         HIT ◄   74 hits so far
  98      468         HIT ◄   75 hits so far
  99      1875        miss      75 hits so far
  100     1354        miss      75 hits so far
  101     572         HIT ◄   76 hits so far
  102     468         HIT ◄   77 hits so far
  103     520         HIT ◄   78 hits so far
  104     520         HIT ◄   79 hits so far
  105     520         HIT ◄   80 hits so far
  106     468         HIT ◄   81 hits so far
  107     1875        miss      81 hits so far
  108     520         HIT ◄   82 hits so far
  109     520         HIT ◄   83 hits so far
  110     572         HIT ◄   84 hits so far
  111     520         HIT ◄   85 hits so far
  112     520         HIT ◄   86 hits so far
  113     468         HIT ◄   87 hits so far
  114     520         HIT ◄   88 hits so far
  115     2083        miss      88 hits so far
  116     468         HIT ◄   89 hits so far
  117     520         HIT ◄   90 hits so far
  118     520         HIT ◄   91 hits so far
  119     572         HIT ◄   92 hits so far
  120     520         HIT ◄   93 hits so far
  121     468         HIT ◄   94 hits so far
  122     520         HIT ◄   95 hits so far
  123     1979        miss      95 hits so far
  124     625         HIT ◄   96 hits so far
  125     468         HIT ◄   97 hits so far
  126     572         HIT ◄   98 hits so far
  127     520         HIT ◄   99 hits so far
  128     625         HIT ◄   100 hits so far
  129     520         HIT ◄   101 hits so far
  130     520         HIT ◄   102 hits so far
  131     1927        miss      102 hits so far
  132     2239        miss      102 hits so far
  133     468         HIT ◄   103 hits so far
  134     520         HIT ◄   104 hits so far
  135     520         HIT ◄   105 hits so far
  136     520         HIT ◄   106 hits so far
  137     520         HIT ◄   107 hits so far
  138     468         HIT ◄   108 hits so far
  139     1927        miss      108 hits so far
  140     520         HIT ◄   109 hits so far
  141     520         HIT ◄   110 hits so far
  142     572         HIT ◄   111 hits so far
  143     520         HIT ◄   112 hits so far
  144     572         HIT ◄   113 hits so far
  145     572         HIT ◄   114 hits so far
  146     468         HIT ◄   115 hits so far
  147     1979        miss      115 hits so far
  148     520         HIT ◄   116 hits so far
  149     520         HIT ◄   117 hits so far
  150     520         HIT ◄   118 hits so far
  151     468         HIT ◄   119 hits so far
  152     468         HIT ◄   120 hits so far
  153     468         HIT ◄   121 hits so far
  154     520         HIT ◄   122 hits so far
  155     1875        miss      122 hits so far
  156     572         HIT ◄   123 hits so far
  157     1979        miss      123 hits so far
  158     520         HIT ◄   124 hits so far
  159     520         HIT ◄   125 hits so far
  160     520         HIT ◄   126 hits so far
  161     625         HIT ◄   127 hits so far
  162     468         HIT ◄   128 hits so far
  163     468         HIT ◄   129 hits so far
  164     572         HIT ◄   130 hits so far
  165     1770        miss      130 hits so far
  166     468         HIT ◄   131 hits so far
  167     1093        miss      131 hits so far
  168     781         HIT ◄   132 hits so far
  169     625         HIT ◄   133 hits so far
  170     520         HIT ◄   134 hits so far
  171     520         HIT ◄   135 hits so far
  172     520         HIT ◄   136 hits so far
  173     1875        miss      136 hits so far
  174     937         HIT ◄   137 hits so far
  175     520         HIT ◄   138 hits so far
  176     520         HIT ◄   139 hits so far
  177     520         HIT ◄   140 hits so far
  178     520         HIT ◄   141 hits so far
  179     468         HIT ◄   142 hits so far
  180     468         HIT ◄   143 hits so far
  181     1770        miss      143 hits so far
  182     781         HIT ◄   144 hits so far
  183     520         HIT ◄   145 hits so far
  184     520         HIT ◄   146 hits so far
  185     520         HIT ◄   147 hits so far
  186     520         HIT ◄   148 hits so far
  187     520         HIT ◄   149 hits so far
  188     468         HIT ◄   150 hits so far
  189     1979        miss      150 hits so far
  190     677         HIT ◄   151 hits so far
  191     520         HIT ◄   152 hits so far
  192     520         HIT ◄   153 hits so far
  193     468         HIT ◄   154 hits so far
  194     468         HIT ◄   155 hits so far
  195     468         HIT ◄   156 hits so far
  196     520         HIT ◄   157 hits so far
  197     1822        miss      157 hits so far
  198     520         HIT ◄   158 hits so far
  199     520         HIT ◄   159 hits so far
  200     572         HIT ◄   160 hits so far

══════════════════════════════════════════════════════════════
  FLUSH+RELOAD — STATISTICAL SUMMARY  (190 samples)
══════════════════════════════════════════════════════════════
  Total cache hits   : 160 / 190  (84%)
  Average reload time: 973 ns
  Threshold          : 972 ns
  Verdict            : *** VICTIM ACTIVELY ACCESSING THIS CACHE LINE ***

══════════════════════════════════════════════════════════════
  EXTRACTING SESSION TOKEN FROM SPY PAGE
══════════════════════════════════════════════════════════════

  ╔════════════════════════════════════════════════════════════════╗
  ║  Offset   Hex (16 bytes/row)                   ASCII          ║
  ╠════════════════════════════════════════════════════════════════╣
  ║  0000   53 45 53 53 49 4f 4e 20  7c 20 69 64 3d 38 66 33  │ SESSION | id=8f3 ║
  ║  0010   61 31 63 39 64 32 65 37  62 34 30 35 36 20 7c 20  │ a1c9d2e7b4056 |  ║
  ║  0020   75 73 65 72 3d 62 6f 62  20 7c 20 72 6f 6c 65 3d  │ user=bob | role= ║
  ║  0030   61 64 6d 69 6e 20 7c 20  65 78 70 69 72 65 73 3d  │ admin | expires= ║
  ║  0040   31 37 38 31 33 30 32 38  39 32 20 7c 20 69 74 65  │ 1781302892 | ite ║
  ║  0050   72 3d 31 38 32 00 00 00  00 00 00 00 00 00 00 00  │ r=182........... ║
  ║  0060   00 00 00 00 00 00 00 00  00 00 00 00 00 00 00 00  │ ................ ║
  ║  0070   00 00 00 00 00 00 00 00  00 00 00 00 00 00 00 00  │ ................ ║
  ║  0080   00 00 00 00 00 00 00 00  00 00 00 00 00 00 00 00  │ ................ ║
  ║  0090   00 00 00 00 00 00 00 00  00 00 00 00 00 00 00 00  │ ................ ║
  ║  00a0   00 00 00 00 00 00 00 00  00 00 00 00 00 00 00 00  │ ................ ║
  ║  00b0   00 00 00 00 00 00 00 00  00 00 00 00 00 00 00 00  │ ................ ║
  ╚════════════════════════════════════════════════════════════════╝

  ╔══════════════════════════════════════════════════════════════╗
  ║       *** FLUSH+RELOAD ATTACK SUCCESSFUL ***                ║
  ╠══════════════════════════════════════════════════════════════╣
  ║  Cache hits observed   : 160                                 ║
  ║  Hit rate              : 84                                 %║
  ║  Average reload time   : 973                               ns ║
  ╠══════════════════════════════════════════════════════════════╣
  ║  EXTRACTED SESSION TOKEN:                                   ║
  ║    SESSION | id=8f3a1c9d2e7b4056 | user=bob | role=admin | expire║
  ║    pires=1781302892 | iter=182                                   ║
  ╠══════════════════════════════════════════════════════════════╣
  ║  Attack used no IPC, no signals, no ptrace.                 ║
  ║  Token was read purely via cache timing side-channel.       ║
  ╚══════════════════════════════════════════════════════════════╝

[attacker] Done.
