╔══════════════════════════════════════════════════════════════╗
║  Flush+Reload Demo  –  ATTACKER  (ARMv8 / Cortex-A53)      ║
║  Monitoring spy file for victim accesses to session token.  ║
╚══════════════════════════════════════════════════════════════╝

[attacker] Timer frequency: 19200000 Hz  (52.1 ns/tick)

[attacker] Waiting for spy file '/tmp/fr_demo_spy' …

[attacker] Spy file opened (fd=4)
[attacker] Spy page mapped at virtual 0xffff7ff67000  (shared physical page)

[attacker] ── Phase 1: Calibration ──────────────────────────
[attacker] Calibration results (200 samples):
[attacker]   L2 cache HIT  =    137 ns  (line already in cache)
[attacker]   DRAM miss     =   1980 ns  (line not in cache)
[attacker]   Threshold     =   1058 ns  (midpoint)

[attacker] ── Phase 2: Flush+Reload Sampling ─────────────────
[attacker] Collecting 200 samples (warmup=10, wait=70 ms per sample)

  Sample  Reload(ns)  Decision  Running hit count
  ──────  ──────────  ────────  ─────────────────
  1       1822        miss      0 hits so far  (warmup)
  2       2812        miss      0 hits so far  (warmup)
  3       2552        miss      0 hits so far  (warmup)
  4       3958        miss      0 hits so far  (warmup)
  5       2447        miss      0 hits so far  (warmup)
  6       2031        miss      0 hits so far  (warmup)
  7       2343        miss      0 hits so far  (warmup)
  8       1927        miss      0 hits so far  (warmup)
  9       1406        miss      0 hits so far  (warmup)
  10      7031        miss      0 hits so far  (warmup)
  11      3020        miss      0 hits so far
  12      1614        miss      0 hits so far
  13      1510        miss      0 hits so far
  14      1770        miss      0 hits so far
  15      1875        miss      0 hits so far
  16      1979        miss      0 hits so far
  17      2083        miss      0 hits so far
  18      1822        miss      0 hits so far
  19      2395        miss      0 hits so far
  20      2187        miss      0 hits so far
  21      2447        miss      0 hits so far
  22      1770        miss      0 hits so far
  23      2291        miss      0 hits so far
  24      1458        miss      0 hits so far
  25      2083        miss      0 hits so far
  26      1875        miss      0 hits so far
  27      2187        miss      0 hits so far
  28      2395        miss      0 hits so far
  29      1979        miss      0 hits so far
  30      2187        miss      0 hits so far
  31      1354        miss      0 hits so far
  32      1354        miss      0 hits so far
  33      1302        miss      0 hits so far
  34      1770        miss      0 hits so far
  35      2395        miss      0 hits so far
  36      1979        miss      0 hits so far
  37      1875        miss      0 hits so far
  38      2239        miss      0 hits so far
  39      2291        miss      0 hits so far
  40      1822        miss      0 hits so far
  41      1927        miss      0 hits so far
  42      2083        miss      0 hits so far
  43      3229        miss      0 hits so far
  44      1822        miss      0 hits so far
  45      1927        miss      0 hits so far
  46      1718        miss      0 hits so far
  47      1875        miss      0 hits so far
  48      2239        miss      0 hits so far
  49      1927        miss      0 hits so far
  50      2135        miss      0 hits so far
  51      1458        miss      0 hits so far
  52      2500        miss      0 hits so far
  53      1406        miss      0 hits so far
  54      2083        miss      0 hits so far
  55      1927        miss      0 hits so far
  56      1510        miss      0 hits so far
  57      1666        miss      0 hits so far
  58      1770        miss      0 hits so far
  59      729         HIT ◄   1 hits so far
  60      2760        miss      1 hits so far
  61      1927        miss      1 hits so far
  62      2187        miss      1 hits so far
  63      2031        miss      1 hits so far
  64      1718        miss      1 hits so far
  65      2031        miss      1 hits so far
  66      1666        miss      1 hits so far
  67      1562        miss      1 hits so far
  68      2343        miss      1 hits so far
  69      2187        miss      1 hits so far
  70      2552        miss      1 hits so far
  71      2083        miss      1 hits so far
  72      1875        miss      1 hits so far
  73      1979        miss      1 hits so far
  74      1770        miss      1 hits so far
  75      1458        miss      1 hits so far
  76      2447        miss      1 hits so far
  77      1875        miss      1 hits so far
  78      1979        miss      1 hits so far
  79      1979        miss      1 hits so far
  80      1562        miss      1 hits so far
  81      1875        miss      1 hits so far
  82      1562        miss      1 hits so far
  83      1406        miss      1 hits so far
  84      2395        miss      1 hits so far
  85      3125        miss      1 hits so far
  86      1666        miss      1 hits so far
  87      1093        miss      1 hits so far
  88      1666        miss      1 hits so far
  89      2187        miss      1 hits so far
  90      1927        miss      1 hits so far
  91      1458        miss      1 hits so far
  92      2239        miss      1 hits so far
  93      2187        miss      1 hits so far
  94      2187        miss      1 hits so far
  95      3333        miss      1 hits so far
  96      1614        miss      1 hits so far
  97      1250        miss      1 hits so far
  98      1197        miss      1 hits so far
  99      1510        miss      1 hits so far
  100     2552        miss      1 hits so far
  101     2343        miss      1 hits so far
  102     7812        miss      1 hits so far
  103     1770        miss      1 hits so far
  104     1770        miss      1 hits so far
  105     1822        miss      1 hits so far
  106     1770        miss      1 hits so far
  107     1979        miss      1 hits so far
  108     2343        miss      1 hits so far
  109     1927        miss      1 hits so far
  110     1718        miss      1 hits so far
  111     1197        miss      1 hits so far
  112     1510        miss      1 hits so far
  113     1458        miss      1 hits so far
  114     1406        miss      1 hits so far
  115     1093        miss      1 hits so far
  116     4062        miss      1 hits so far
  117     2083        miss      1 hits so far
  118     2447        miss      1 hits so far
  119     1927        miss      1 hits so far
  120     2343        miss      1 hits so far
  121     1770        miss      1 hits so far
  122     1875        miss      1 hits so far
  123     1718        miss      1 hits so far
  124     677         HIT ◄   2 hits so far
  125     2343        miss      2 hits so far
  126     1875        miss      2 hits so far
  127     2864        miss      2 hits so far
  128     1510        miss      2 hits so far
  129     1250        miss      2 hits so far
  130     1302        miss      2 hits so far
  131     1302        miss      2 hits so far
  132     1145        miss      2 hits so far
  133     2500        miss      2 hits so far
  134     1927        miss      2 hits so far
  135     1250        miss      2 hits so far
  136     1093        miss      2 hits so far
  137     937         HIT ◄   3 hits so far
  138     1041        HIT ◄   4 hits so far
  139     1302        miss      4 hits so far
  140     1302        miss      4 hits so far
  141     2500        miss      4 hits so far
  142     2500        miss      4 hits so far
  143     2864        miss      4 hits so far
  144     1406        miss      4 hits so far
  145     1250        miss      4 hits so far
  146     1666        miss      4 hits so far
  147     2187        miss      4 hits so far
  148     1562        miss      4 hits so far
  149     2395        miss      4 hits so far
  150     1718        miss      4 hits so far
  151     1770        miss      4 hits so far
  152     1354        miss      4 hits so far
  153     1354        miss      4 hits so far
  154     1302        miss      4 hits so far
  155     1093        miss      4 hits so far
  156     1354        miss      4 hits so far
  157     3281        miss      4 hits so far
  158     1510        miss      4 hits so far
  159     1927        miss      4 hits so far
  160     1822        miss      4 hits so far
  161     1875        miss      4 hits so far
  162     2552        miss      4 hits so far
  163     2395        miss      4 hits so far
  164     1354        miss      4 hits so far
  165     3489        miss      4 hits so far
  166     2291        miss      4 hits so far
  167     2239        miss      4 hits so far
  168     1927        miss      4 hits so far
  169     1250        miss      4 hits so far
  170     1093        miss      4 hits so far
  171     1354        miss      4 hits so far
  172     1406        miss      4 hits so far
  173     1302        miss      4 hits so far
  174     1354        miss      4 hits so far
  175     2760        miss      4 hits so far
  176     1770        miss      4 hits so far
  177     1562        miss      4 hits so far
  178     2187        miss      4 hits so far
  179     2239        miss      4 hits so far
  180     1875        miss      4 hits so far
  181     2031        miss      4 hits so far
  182     2083        miss      4 hits so far
  183     1822        miss      4 hits so far
  184     1718        miss      4 hits so far
  185     1666        miss      4 hits so far
  186     2395        miss      4 hits so far
  187     1614        miss      4 hits so far
  188     1614        miss      4 hits so far
  189     1510        miss      4 hits so far
  190     1510        miss      4 hits so far
  191     1354        miss      4 hits so far
  192     2031        miss      4 hits so far
  193     1197        miss      4 hits so far
  194     2343        miss      4 hits so far
  195     1406        miss      4 hits so far
  196     1718        miss      4 hits so far
  197     1302        miss      4 hits so far
  198     2812        miss      4 hits so far
  199     1770        miss      4 hits so far
  200     1979        miss      4 hits so far

══════════════════════════════════════════════════════════════
  FLUSH+RELOAD — STATISTICAL SUMMARY  (190 samples)
══════════════════════════════════════════════════════════════
  Total cache hits   : 4 / 190  (2%)
  Average reload time: 1907 ns
  Threshold          : 1058 ns
  Verdict            : Low hit rate — check timing / CPU pinning.

══════════════════════════════════════════════════════════════
  EXTRACTING SESSION TOKEN FROM SPY PAGE
══════════════════════════════════════════════════════════════

  ╔════════════════════════════════════════════════════════════════╗
  ║  Offset   Hex (16 bytes/row)                   ASCII          ║
  ╠════════════════════════════════════════════════════════════════╣
  ║  0000   53 45 53 53 49 4f 4e 20  7c 20 69 64 3d 38 66 33  │ SESSION | id=8f3 ║
  ║  0010   61 31 63 39 64 32 65 37  62 34 30 35 36 20 7c 20  │ a1c9d2e7b4056 |  ║
  ║  0020   75 73 65 72 3d 62 6f 62  20 7c 20 72 6f 6c 65 3d  │ user=bob | role= ║
  ║  0030   61 64 6d 69 6e 20 7c 20  65 78 70 69 72 65 73 3d  │ admin | expires= ║
  ║  0040   31 37 38 31 33 30 33 31  32 39 20 7c 20 69 74 65  │ 1781303129 | ite ║
  ║  0050   72 3d 31 38 33 00 00 00  00 00 00 00 00 00 00 00  │ r=183........... ║
  ║  0060   00 00 00 00 00 00 00 00  00 00 00 00 00 00 00 00  │ ................ ║
  ║  0070   00 00 00 00 00 00 00 00  00 00 00 00 00 00 00 00  │ ................ ║
  ║  0080   00 00 00 00 00 00 00 00  00 00 00 00 00 00 00 00  │ ................ ║
  ║  0090   00 00 00 00 00 00 00 00  00 00 00 00 00 00 00 00  │ ................ ║
  ║  00a0   00 00 00 00 00 00 00 00  00 00 00 00 00 00 00 00  │ ................ ║
  ║  00b0   00 00 00 00 00 00 00 00  00 00 00 00 00 00 00 00  │ ................ ║
  ╚════════════════════════════════════════════════════════════════╝

  ╔══════════════════════════════════════════════════════════════╗
  ║       *** FLUSH+RELOAD ATTACK SUCCESSFUL ***                ║
  ╠══════════════════════════════════════════════════════════════╣
  ║  Cache hits observed   : 4                                   ║
  ║  Hit rate              : 2                                  %║
  ║  Average reload time   : 1907                              ns ║
  ╠══════════════════════════════════════════════════════════════╣
  ║  EXTRACTED SESSION TOKEN:                                   ║
  ║    SESSION | id=8f3a1c9d2e7b4056 | user=bob | role=admin | expire║
  ║    pires=1781303129 | iter=183                                   ║
  ╠══════════════════════════════════════════════════════════════╣
  ║  Attack used no IPC, no signals, no ptrace.                 ║
  ║  Token was read purely via cache timing side-channel.       ║
  ╚══════════════════════════════════════════════════════════════╝

[attacker] Done.
