╔══════════════════════════════════════════════════════════════╗
║  Flush+Reload Demo  –  ATTACKER  (ARMv8 / Cortex-A53)      ║
║  Monitoring spy file for victim accesses to session token.  ║
╚══════════════════════════════════════════════════════════════╝

[attacker] Timer frequency: 19200000 Hz  (52.1 ns/tick)

[attacker] Waiting for spy file '/tmp/fr_demo_spy' …

[attacker] Spy file opened (fd=4)
[attacker] Spy page mapped at virtual 0xffff9dec0000  (shared physical page)

[attacker] ── Phase 1: Calibration ──────────────────────────
[attacker] Calibration results (200 samples):
[attacker]   L2 cache HIT  =    135 ns  (line already in cache)
[attacker]   DRAM miss     =   2019 ns  (line not in cache)
[attacker]   Threshold     =   1077 ns  (midpoint)

[attacker] ── Phase 2: Flush+Reload Sampling ─────────────────
[attacker] Collecting 200 samples (warmup=10, wait=70 ms per sample)

  Sample  Reload(ns)  Decision  Running hit count
  ──────  ──────────  ────────  ─────────────────
  1       2656        miss      0 hits so far  (warmup)
  2       2031        miss      0 hits so far  (warmup)
  3       2343        miss      0 hits so far  (warmup)
  4       1197        miss      0 hits so far  (warmup)
  5       1718        miss      0 hits so far  (warmup)
  6       2135        miss      0 hits so far  (warmup)
  7       1354        miss      0 hits so far  (warmup)
  8       1458        miss      0 hits so far  (warmup)
  9       1927        miss      0 hits so far  (warmup)
  10      1562        miss      0 hits so far  (warmup)
  11      2656        miss      0 hits so far
  12      3281        miss      0 hits so far
  13      1927        miss      0 hits so far
  14      2031        miss      0 hits so far
  15      2135        miss      0 hits so far
  16      2031        miss      0 hits so far
  17      1718        miss      0 hits so far
  18      1302        miss      0 hits so far
  19      2500        miss      0 hits so far
  20      1562        miss      0 hits so far
  21      1458        miss      0 hits so far
  22      1510        miss      0 hits so far
  23      2447        miss      0 hits so far
  24      1458        miss      0 hits so far
  25      1979        miss      0 hits so far
  26      2500        miss      0 hits so far
  27      2447        miss      0 hits so far
  28      2083        miss      0 hits so far
  29      3177        miss      0 hits so far
  30      1927        miss      0 hits so far
  31      2291        miss      0 hits so far
  32      2187        miss      0 hits so far
  33      3385        miss      0 hits so far
  34      1822        miss      0 hits so far
  35      2291        miss      0 hits so far
  36      1666        miss      0 hits so far
  37      1145        miss      0 hits so far
  38      1718        miss      0 hits so far
  39      1666        miss      0 hits so far
  40      2395        miss      0 hits so far
  41      1979        miss      0 hits so far
  42      1979        miss      0 hits so far
  43      1093        miss      0 hits so far
  44      3229        miss      0 hits so far
  45      1302        miss      0 hits so far
  46      2656        miss      0 hits so far
  47      2291        miss      0 hits so far
  48      1302        miss      0 hits so far
  49      1041        HIT ◄   1 hits so far
  50      1197        miss      1 hits so far
  51      1354        miss      1 hits so far
  52      2239        miss      1 hits so far
  53      1927        miss      1 hits so far
  54      1145        miss      1 hits so far
  55      1510        miss      1 hits so far
  56      1250        miss      1 hits so far
  57      1406        miss      1 hits so far
  58      1354        miss      1 hits so far
  59      1250        miss      1 hits so far
  60      3958        miss      1 hits so far
  61      1614        miss      1 hits so far
  62      1354        miss      1 hits so far
  63      1197        miss      1 hits so far
  64      1354        miss      1 hits so far
  65      1145        miss      1 hits so far
  66      1302        miss      1 hits so far
  67      1250        miss      1 hits so far
  68      3489        miss      1 hits so far
  69      2343        miss      1 hits so far
  70      2135        miss      1 hits so far
  71      1770        miss      1 hits so far
  72      1770        miss      1 hits so far
  73      2291        miss      1 hits so far
  74      2031        miss      1 hits so far
  75      1562        miss      1 hits so far
  76      2552        miss      1 hits so far
  77      1770        miss      1 hits so far
  78      2968        miss      1 hits so far
  79      1875        miss      1 hits so far
  80      1927        miss      1 hits so far
  81      1770        miss      1 hits so far
  82      2343        miss      1 hits so far
  83      2031        miss      1 hits so far
  84      3385        miss      1 hits so far
  85      2656        miss      1 hits so far
  86      2447        miss      1 hits so far
  87      2500        miss      1 hits so far
  88      1302        miss      1 hits so far
  89      1614        miss      1 hits so far
  90      1041        HIT ◄   2 hits so far
  91      1302        miss      2 hits so far
  92      2291        miss      2 hits so far
  93      1406        miss      2 hits so far
  94      1145        miss      2 hits so far
  95      1302        miss      2 hits so far
  96      1979        miss      2 hits so far
  97      1302        miss      2 hits so far
  98      1302        miss      2 hits so far
  99      1302        miss      2 hits so far
  100     2291        miss      2 hits so far
  101     1562        miss      2 hits so far
  102     1406        miss      2 hits so far
  103     1510        miss      2 hits so far
  104     1614        miss      2 hits so far
  105     2239        miss      2 hits so far
  106     1822        miss      2 hits so far
  107     1145        miss      2 hits so far
  108     2031        miss      2 hits so far
  109     1510        miss      2 hits so far
  110     1614        miss      2 hits so far
  111     1458        miss      2 hits so far
  112     1666        miss      2 hits so far
  113     1145        miss      2 hits so far
  114     1145        miss      2 hits so far
  115     1041        HIT ◄   3 hits so far
  116     1250        miss      3 hits so far
  117     2500        miss      3 hits so far
  118     1510        miss      3 hits so far
  119     1927        miss      3 hits so far
  120     1302        miss      3 hits so far
  121     1197        miss      3 hits so far
  122     1354        miss      3 hits so far
  123     1197        miss      3 hits so far
  124     1250        miss      3 hits so far
  125     2343        miss      3 hits so far
  126     2083        miss      3 hits so far
  127     2447        miss      3 hits so far
  128     1250        miss      3 hits so far
  129     1562        miss      3 hits so far
  130     1354        miss      3 hits so far
  131     1354        miss      3 hits so far
  132     1250        miss      3 hits so far
  133     2447        miss      3 hits so far
  134     2291        miss      3 hits so far
  135     3697        miss      3 hits so far
  136     1875        miss      3 hits so far
  137     1406        miss      3 hits so far
  138     1302        miss      3 hits so far
  139     1718        miss      3 hits so far
  140     1250        miss      3 hits so far
  141     2500        miss      3 hits so far
  142     1614        miss      3 hits so far
  143     1614        miss      3 hits so far
  144     2083        miss      3 hits so far
  145     1822        miss      3 hits so far
  146     1718        miss      3 hits so far
  147     1354        miss      3 hits so far
  148     1406        miss      3 hits so far
  149     2708        miss      3 hits so far
  150     1354        miss      3 hits so far
  151     1302        miss      3 hits so far
  152     1145        miss      3 hits so far
  153     2187        miss      3 hits so far
  154     1822        miss      3 hits so far
  155     2500        miss      3 hits so far
  156     1458        miss      3 hits so far
  157     2500        miss      3 hits so far
  158     1250        miss      3 hits so far
  159     1510        miss      3 hits so far
  160     1302        miss      3 hits so far
  161     1250        miss      3 hits so far
  162     1718        miss      3 hits so far
  163     1562        miss      3 hits so far
  164     1041        HIT ◄   4 hits so far
  165     2760        miss      4 hits so far
  166     1354        miss      4 hits so far
  167     1666        miss      4 hits so far
  168     1093        miss      4 hits so far
  169     1562        miss      4 hits so far
  170     1093        miss      4 hits so far
  171     1718        miss      4 hits so far
  172     1197        miss      4 hits so far
  173     2395        miss      4 hits so far
  174     2031        miss      4 hits so far
  175     1406        miss      4 hits so far
  176     2968        miss      4 hits so far
  177     1875        miss      4 hits so far
  178     1250        miss      4 hits so far
  179     2291        miss      4 hits so far
  180     1614        miss      4 hits so far
  181     2864        miss      4 hits so far
  182     2239        miss      4 hits so far
  183     2500        miss      4 hits so far
  184     3125        miss      4 hits so far
  185     1406        miss      4 hits so far
  186     1510        miss      4 hits so far
  187     1093        miss      4 hits so far
  188     1197        miss      4 hits so far
  189     2656        miss      4 hits so far
  190     2500        miss      4 hits so far
  191     1614        miss      4 hits so far
  192     2864        miss      4 hits so far
  193     1406        miss      4 hits so far
  194     2239        miss      4 hits so far
  195     1927        miss      4 hits so far
  196     1666        miss      4 hits so far
  197     885         HIT ◄   5 hits so far
  198     3229        miss      5 hits so far
  199     1875        miss      5 hits so far
  200     1562        miss      5 hits so far

══════════════════════════════════════════════════════════════
  FLUSH+RELOAD — STATISTICAL SUMMARY  (190 samples)
══════════════════════════════════════════════════════════════
  Total cache hits   : 5 / 190  (2%)
  Average reload time: 1831 ns
  Threshold          : 1077 ns
  Verdict            : Low hit rate — check timing / CPU pinning.

══════════════════════════════════════════════════════════════
  EXTRACTING SESSION TOKEN FROM SPY PAGE
══════════════════════════════════════════════════════════════

  ╔════════════════════════════════════════════════════════════════╗
  ║  Offset   Hex (16 bytes/row)                   ASCII          ║
  ╠════════════════════════════════════════════════════════════════╣
  ║  0000   53 45 53 53 49 4f 4e 20  7c 20 69 64 3d 38 66 33  │ SESSION | id=8f3 ║
  ║  0010   61 31 63 39 64 32 65 37  62 34 30 35 36 20 7c 20  │ a1c9d2e7b4056 |  ║
  ║  0020   75 73 65 72 3d 62 6f 62  20 7c 20 72 6f 6c 65 3d  │ user=bob | role= ║
  ║  0030   61 64 6d 69 6e 20 7c 20  65 78 70 69 72 65 73 3d  │ admin | expires= ║
  ║  0040   31 37 38 31 33 30 33 30  35 35 20 7c 20 69 74 65  │ 1781303055 | ite ║
  ║  0050   72 3d 31 37 37 00 00 00  00 00 00 00 00 00 00 00  │ r=177........... ║
  ║  0060   00 00 00 00 00 00 00 00  00 00 00 00 00 00 00 00  │ ................ ║
  ║  0070   00 00 00 00 00 00 00 00  00 00 00 00 00 00 00 00  │ ................ ║
  ║  0080   00 00 00 00 00 00 00 00  00 00 00 00 00 00 00 00  │ ................ ║
  ║  0090   00 00 00 00 00 00 00 00  00 00 00 00 00 00 00 00  │ ................ ║
  ║  00a0   00 00 00 00 00 00 00 00  00 00 00 00 00 00 00 00  │ ................ ║
  ║  00b0   00 00 00 00 00 00 00 00  00 00 00 00 00 00 00 00  │ ................ ║
  ╚════════════════════════════════════════════════════════════════╝

  ╔══════════════════════════════════════════════════════════════╗
  ║       *** FLUSH+RELOAD ATTACK SUCCESSFUL ***                ║
  ╠══════════════════════════════════════════════════════════════╣
  ║  Cache hits observed   : 5                                   ║
  ║  Hit rate              : 2                                  %║
  ║  Average reload time   : 1831                              ns ║
  ╠══════════════════════════════════════════════════════════════╣
  ║  EXTRACTED SESSION TOKEN:                                   ║
  ║    SESSION | id=8f3a1c9d2e7b4056 | user=bob | role=admin | expire║
  ║    pires=1781303055 | iter=177                                   ║
  ╠══════════════════════════════════════════════════════════════╣
  ║  Attack used no IPC, no signals, no ptrace.                 ║
  ║  Token was read purely via cache timing side-channel.       ║
  ╚══════════════════════════════════════════════════════════════╝

[attacker] Done.
