╔══════════════════════════════════════════════════════════════╗
║  Flush+Reload Demo  –  ATTACKER  (ARMv8 / Cortex-A53)      ║
║  Monitoring spy file for victim accesses to session token.  ║
╚══════════════════════════════════════════════════════════════╝

[attacker] Timer frequency: 19200000 Hz  (52.1 ns/tick)

[attacker] Waiting for spy file '/tmp/fr_demo_spy' …

[attacker] Spy file opened (fd=4)
[attacker] Spy page mapped at virtual 0xffff92b88000  (shared physical page)

[attacker] ── Phase 1: Calibration ──────────────────────────
[attacker] Calibration results (200 samples):
[attacker]   L2 cache HIT  =    134 ns  (line already in cache)
[attacker]   DRAM miss     =   2245 ns  (line not in cache)
[attacker]   Threshold     =   1189 ns  (midpoint)

[attacker] ── Phase 2: Flush+Reload Sampling ─────────────────
[attacker] Collecting 200 samples (warmup=10, wait=70 ms per sample)

  Sample  Reload(ns)  Decision  Running hit count
  ──────  ──────────  ────────  ─────────────────
  1       2291        miss      0 hits so far  (warmup)
  2       1093        HIT ◄   0 hits so far  (warmup)
  3       5989        miss      0 hits so far  (warmup)
  4       2343        miss      0 hits so far  (warmup)
  5       2500        miss      0 hits so far  (warmup)
  6       2552        miss      0 hits so far  (warmup)
  7       2447        miss      0 hits so far  (warmup)
  8       2343        miss      0 hits so far  (warmup)
  9       2500        miss      0 hits so far  (warmup)
  10      1250        miss      0 hits so far  (warmup)
  11      3072        miss      0 hits so far
  12      2968        miss      0 hits so far
  13      2343        miss      0 hits so far
  14      2656        miss      0 hits so far
  15      2031        miss      0 hits so far
  16      2135        miss      0 hits so far
  17      2447        miss      0 hits so far
  18      1562        miss      0 hits so far
  19      2812        miss      0 hits so far
  20      2291        miss      0 hits so far
  21      1510        miss      0 hits so far
  22      1510        miss      0 hits so far
  23      1770        miss      0 hits so far
  24      1770        miss      0 hits so far
  25      1302        miss      0 hits so far
  26      1979        miss      0 hits so far
  27      2447        miss      0 hits so far
  28      2187        miss      0 hits so far
  29      2187        miss      0 hits so far
  30      3281        miss      0 hits so far
  31      2187        miss      0 hits so far
  32      2239        miss      0 hits so far
  33      2447        miss      0 hits so far
  34      2135        miss      0 hits so far
  35      2135        miss      0 hits so far
  36      2447        miss      0 hits so far
  37      3750        miss      0 hits so far
  38      2395        miss      0 hits so far
  39      2968        miss      0 hits so far
  40      2291        miss      0 hits so far
  41      2447        miss      0 hits so far
  42      2083        miss      0 hits so far
  43      3333        miss      0 hits so far
  44      2864        miss      0 hits so far
  45      2291        miss      0 hits so far
  46      2656        miss      0 hits so far
  47      1927        miss      0 hits so far
  48      1093        HIT ◄   1 hits so far
  49      2291        miss      1 hits so far
  50      1666        miss      1 hits so far
  51      2447        miss      1 hits so far
  52      1250        miss      1 hits so far
  53      1927        miss      1 hits so far
  54      2552        miss      1 hits so far
  55      1718        miss      1 hits so far
  56      2552        miss      1 hits so far
  57      1822        miss      1 hits so far
  58      2083        miss      1 hits so far
  59      2343        miss      1 hits so far
  60      2187        miss      1 hits so far
  61      2395        miss      1 hits so far
  62      2083        miss      1 hits so far
  63      1458        miss      1 hits so far
  64      1093        HIT ◄   2 hits so far
  65      1406        miss      2 hits so far
  66      1458        miss      2 hits so far
  67      781         HIT ◄   3 hits so far
  68      2447        miss      3 hits so far
  69      3020        miss      3 hits so far
  70      52604       miss      3 hits so far
  71      1302        miss      3 hits so far
  72      2083        miss      3 hits so far
  73      1197        miss      3 hits so far
  74      1197        miss      3 hits so far
  75      1041        HIT ◄   4 hits so far
  76      2239        miss      4 hits so far
  77      1354        miss      4 hits so far
  78      1354        miss      4 hits so far
  79      1979        miss      4 hits so far
  80      1406        miss      4 hits so far
  81      1302        miss      4 hits so far
  82      1354        miss      4 hits so far
  83      1354        miss      4 hits so far
  84      2291        miss      4 hits so far
  85      1250        miss      4 hits so far
  86      2447        miss      4 hits so far
  87      1666        miss      4 hits so far
  88      1770        miss      4 hits so far
  89      2864        miss      4 hits so far
  90      1875        miss      4 hits so far
  91      1458        miss      4 hits so far
  92      2343        miss      4 hits so far
  93      2500        miss      4 hits so far
  94      2500        miss      4 hits so far
  95      1250        miss      4 hits so far
  96      1510        miss      4 hits so far
  97      2083        miss      4 hits so far
  98      1458        miss      4 hits so far
  99      937         HIT ◄   5 hits so far
  100     2604        miss      5 hits so far
  101     2135        miss      5 hits so far
  102     1718        miss      5 hits so far
  103     1875        miss      5 hits so far
  104     2187        miss      5 hits so far
  105     2083        miss      5 hits so far
  106     1666        miss      5 hits so far
  107     1927        miss      5 hits so far
  108     3437        miss      5 hits so far
  109     1302        miss      5 hits so far
  110     2239        miss      5 hits so far
  111     1875        miss      5 hits so far
  112     2187        miss      5 hits so far
  113     2343        miss      5 hits so far
  114     2395        miss      5 hits so far
  115     1770        miss      5 hits so far
  116     2395        miss      5 hits so far
  117     2187        miss      5 hits so far
  118     2447        miss      5 hits so far
  119     2187        miss      5 hits so far
  120     2760        miss      5 hits so far
  121     2135        miss      5 hits so far
  122     2500        miss      5 hits so far
  123     2187        miss      5 hits so far
  124     2395        miss      5 hits so far
  125     2447        miss      5 hits so far
  126     2291        miss      5 hits so far
  127     2343        miss      5 hits so far
  128     2343        miss      5 hits so far
  129     2031        miss      5 hits so far
  130     2760        miss      5 hits so far
  131     2239        miss      5 hits so far
  132     2239        miss      5 hits so far
  133     2239        miss      5 hits so far
  134     2031        miss      5 hits so far
  135     2239        miss      5 hits so far
  136     2552        miss      5 hits so far
  137     2291        miss      5 hits so far
  138     2239        miss      5 hits so far
  139     3281        miss      5 hits so far
  140     833         HIT ◄   6 hits so far
  141     2500        miss      6 hits so far
  142     2187        miss      6 hits so far
  143     2395        miss      6 hits so far
  144     1250        miss      6 hits so far
  145     1145        HIT ◄   7 hits so far
  146     1145        HIT ◄   8 hits so far
  147     1197        miss      8 hits so far
  148     1093        HIT ◄   9 hits so far
  149     2552        miss      9 hits so far
  150     1770        miss      9 hits so far
  151     1458        miss      9 hits so far
  152     5000        miss      9 hits so far
  153     1510        miss      9 hits so far
  154     1406        miss      9 hits so far
  155     2343        miss      9 hits so far
  156     2031        miss      9 hits so far
  157     3072        miss      9 hits so far
  158     2760        miss      9 hits so far
  159     1458        miss      9 hits so far
  160     1770        miss      9 hits so far
  161     1250        miss      9 hits so far
  162     1718        miss      9 hits so far
  163     1250        miss      9 hits so far
  164     1406        miss      9 hits so far
  165     2447        miss      9 hits so far
  166     1770        miss      9 hits so far
  167     2083        miss      9 hits so far
  168     2395        miss      9 hits so far
  169     1510        miss      9 hits so far
  170     2552        miss      9 hits so far
  171     1458        miss      9 hits so far
  172     1250        miss      9 hits so far
  173     2968        miss      9 hits so far
  174     1822        miss      9 hits so far
  175     1302        miss      9 hits so far
  176     1250        miss      9 hits so far
  177     1927        miss      9 hits so far
  178     1458        miss      9 hits so far
  179     1250        miss      9 hits so far
  180     1614        miss      9 hits so far
  181     2552        miss      9 hits so far
  182     2291        miss      9 hits so far
  183     2447        miss      9 hits so far
  184     2395        miss      9 hits so far
  185     1666        miss      9 hits so far
  186     1250        miss      9 hits so far
  187     2447        miss      9 hits so far
  188     2343        miss      9 hits so far
  189     2343        miss      9 hits so far
  190     2239        miss      9 hits so far
  191     2395        miss      9 hits so far
  192     2656        miss      9 hits so far
  193     2083        miss      9 hits so far
  194     2343        miss      9 hits so far
  195     2500        miss      9 hits so far
  196     1510        miss      9 hits so far
  197     2343        miss      9 hits so far
  198     2500        miss      9 hits so far
  199     1927        miss      9 hits so far
  200     2135        miss      9 hits so far

══════════════════════════════════════════════════════════════
  FLUSH+RELOAD — STATISTICAL SUMMARY  (190 samples)
══════════════════════════════════════════════════════════════
  Total cache hits   : 9 / 190  (4%)
  Average reload time: 2322 ns
  Threshold          : 1189 ns
  Verdict            : Low hit rate — check timing / CPU pinning.

══════════════════════════════════════════════════════════════
  EXTRACTING SESSION TOKEN FROM SPY PAGE
══════════════════════════════════════════════════════════════

  ╔════════════════════════════════════════════════════════════════╗
  ║  Offset   Hex (16 bytes/row)                   ASCII          ║
  ╠════════════════════════════════════════════════════════════════╣
  ║  0000   53 45 53 53 49 4f 4e 20  7c 20 69 64 3d 38 66 33  │ SESSION | id=8f3 ║
  ║  0010   61 31 63 39 64 32 65 37  62 34 30 35 36 20 7c 20  │ a1c9d2e7b4056 |  ║
  ║  0020   75 73 65 72 3d 62 6f 62  20 7c 20 72 6f 6c 65 3d  │ user=bob | role= ║
  ║  0030   61 64 6d 69 6e 20 7c 20  65 78 70 69 72 65 73 3d  │ admin | expires= ║
  ║  0040   31 37 38 31 33 30 33 32  35 32 20 7c 20 69 74 65  │ 1781303252 | ite ║
  ║  0050   72 3d 31 37 37 00 00 00  00 00 00 00 00 00 00 00  │ r=177........... ║
  ║  0060   00 00 00 00 00 00 00 00  00 00 00 00 00 00 00 00  │ ................ ║
  ║  0070   00 00 00 00 00 00 00 00  00 00 00 00 00 00 00 00  │ ................ ║
  ║  0080   00 00 00 00 00 00 00 00  00 00 00 00 00 00 00 00  │ ................ ║
  ║  0090   00 00 00 00 00 00 00 00  00 00 00 00 00 00 00 00  │ ................ ║
  ║  00a0   00 00 00 00 00 00 00 00  00 00 00 00 00 00 00 00  │ ................ ║
  ║  00b0   00 00 00 00 00 00 00 00  00 00 00 00 00 00 00 00  │ ................ ║
  ╚════════════════════════════════════════════════════════════════╝

  ╔══════════════════════════════════════════════════════════════╗
  ║       *** FLUSH+RELOAD ATTACK SUCCESSFUL ***                ║
  ╠══════════════════════════════════════════════════════════════╣
  ║  Cache hits observed   : 9                                   ║
  ║  Hit rate              : 4                                  %║
  ║  Average reload time   : 2322                              ns ║
  ╠══════════════════════════════════════════════════════════════╣
  ║  EXTRACTED SESSION TOKEN:                                   ║
  ║    SESSION | id=8f3a1c9d2e7b4056 | user=bob | role=admin | expire║
  ║    pires=1781303252 | iter=177                                   ║
  ╠══════════════════════════════════════════════════════════════╣
  ║  Attack used no IPC, no signals, no ptrace.                 ║
  ║  Token was read purely via cache timing side-channel.       ║
  ╚══════════════════════════════════════════════════════════════╝

[attacker] Done.
