╔══════════════════════════════════════════════════════════════╗
║  Flush+Reload Demo  –  ATTACKER  (ARMv8 / Cortex-A53)      ║
║  Monitoring spy file for victim accesses to session token.  ║
╚══════════════════════════════════════════════════════════════╝

[attacker] Timer frequency: 19200000 Hz  (52.1 ns/tick)

[attacker] Waiting for spy file '/tmp/fr_demo_spy' …

[attacker] Spy file opened (fd=4)
[attacker] Spy page mapped at virtual 0xffffa0d07000  (shared physical page)

[attacker] ── Phase 1: Calibration ──────────────────────────
[attacker] Calibration results (200 samples):
[attacker]   L2 cache HIT  =    139 ns  (line already in cache)
[attacker]   DRAM miss     =   2334 ns  (line not in cache)
[attacker]   Threshold     =   1236 ns  (midpoint)

[attacker] ── Phase 2: Flush+Reload Sampling ─────────────────
[attacker] Collecting 200 samples (warmup=10, wait=70 ms per sample)

  Sample  Reload(ns)  Decision  Running hit count
  ──────  ──────────  ────────  ─────────────────
  1       2239        miss      0 hits so far  (warmup)
  2       2708        miss      0 hits so far  (warmup)
  3       2760        miss      0 hits so far  (warmup)
  4       3385        miss      0 hits so far  (warmup)
  5       2083        miss      0 hits so far  (warmup)
  6       2135        miss      0 hits so far  (warmup)
  7       1718        miss      0 hits so far  (warmup)
  8       1302        miss      0 hits so far  (warmup)
  9       2239        miss      0 hits so far  (warmup)
  10      1250        miss      0 hits so far  (warmup)
  11      1822        miss      0 hits so far
  12      1145        HIT ◄   1 hits so far
  13      1302        miss      1 hits so far
  14      2239        miss      1 hits so far
  15      2031        miss      1 hits so far
  16      1562        miss      1 hits so far
  17      2395        miss      1 hits so far
  18      3385        miss      1 hits so far
  19      2656        miss      1 hits so far
  20      1406        miss      1 hits so far
  21      1406        miss      1 hits so far
  22      1458        miss      1 hits so far
  23      1979        miss      1 hits so far
  24      1145        HIT ◄   2 hits so far
  25      2447        miss      2 hits so far
  26      2083        miss      2 hits so far
  27      2187        miss      2 hits so far
  28      1406        miss      2 hits so far
  29      1406        miss      2 hits so far
  30      1822        miss      2 hits so far
  31      1875        miss      2 hits so far
  32      2187        miss      2 hits so far
  33      2343        miss      2 hits so far
  34      2187        miss      2 hits so far
  35      2187        miss      2 hits so far
  36      2395        miss      2 hits so far
  37      2395        miss      2 hits so far
  38      2812        miss      2 hits so far
  39      2291        miss      2 hits so far
  40      1979        miss      2 hits so far
  41      3229        miss      2 hits so far
  42      2343        miss      2 hits so far
  43      1875        miss      2 hits so far
  44      1875        miss      2 hits so far
  45      2083        miss      2 hits so far
  46      1510        miss      2 hits so far
  47      1927        miss      2 hits so far
  48      1354        miss      2 hits so far
  49      2291        miss      2 hits so far
  50      2291        miss      2 hits so far
  51      1614        miss      2 hits so far
  52      1718        miss      2 hits so far
  53      2083        miss      2 hits so far
  54      1666        miss      2 hits so far
  55      2864        miss      2 hits so far
  56      1770        miss      2 hits so far
  57      2760        miss      2 hits so far
  58      2135        miss      2 hits so far
  59      1145        HIT ◄   3 hits so far
  60      1614        miss      3 hits so far
  61      1197        HIT ◄   4 hits so far
  62      1562        miss      4 hits so far
  63      1510        miss      4 hits so far
  64      1666        miss      4 hits so far
  65      2500        miss      4 hits so far
  66      1354        miss      4 hits so far
  67      1875        miss      4 hits so far
  68      1718        miss      4 hits so far
  69      1302        miss      4 hits so far
  70      1510        miss      4 hits so far
  71      1250        miss      4 hits so far
  72      1197        HIT ◄   5 hits so far
  73      833         HIT ◄   6 hits so far
  74      2343        miss      6 hits so far
  75      1562        miss      6 hits so far
  76      1822        miss      6 hits so far
  77      1562        miss      6 hits so far
  78      2447        miss      6 hits so far
  79      1927        miss      6 hits so far
  80      1406        miss      6 hits so far
  81      729         HIT ◄   7 hits so far
  82      2864        miss      7 hits so far
  83      1614        miss      7 hits so far
  84      1354        miss      7 hits so far
  85      1458        miss      7 hits so far
  86      1145        HIT ◄   8 hits so far
  87      1041        HIT ◄   9 hits so far
  88      1145        HIT ◄   10 hits so far
  89      1458        miss      10 hits so far
  90      2864        miss      10 hits so far
  91      1875        miss      10 hits so far
  92      1354        miss      10 hits so far
  93      1927        miss      10 hits so far
  94      1562        miss      10 hits so far
  95      1145        HIT ◄   11 hits so far
  96      1822        miss      11 hits so far
  97      1041        HIT ◄   12 hits so far
  98      3177        miss      12 hits so far
  99      1354        miss      12 hits so far
  100     1927        miss      12 hits so far
  101     1718        miss      12 hits so far
  102     1302        miss      12 hits so far
  103     1666        miss      12 hits so far
  104     1927        miss      12 hits so far
  105     1510        miss      12 hits so far
  106     2656        miss      12 hits so far
  107     2291        miss      12 hits so far
  108     2500        miss      12 hits so far
  109     1510        miss      12 hits so far
  110     2760        miss      12 hits so far
  111     1145        HIT ◄   13 hits so far
  112     1250        miss      13 hits so far
  113     1354        miss      13 hits so far
  114     2187        miss      13 hits so far
  115     1875        miss      13 hits so far
  116     989         HIT ◄   14 hits so far
  117     1250        miss      14 hits so far
  118     1354        miss      14 hits so far
  119     1250        miss      14 hits so far
  120     2031        miss      14 hits so far
  121     1302        miss      14 hits so far
  122     2187        miss      14 hits so far
  123     1979        miss      14 hits so far
  124     1510        miss      14 hits so far
  125     2447        miss      14 hits so far
  126     1354        miss      14 hits so far
  127     937         HIT ◄   15 hits so far
  128     2031        miss      15 hits so far
  129     1250        miss      15 hits so far
  130     2968        miss      15 hits so far
  131     2395        miss      15 hits so far
  132     1822        miss      15 hits so far
  133     2916        miss      15 hits so far
  134     1614        miss      15 hits so far
  135     1406        miss      15 hits so far
  136     1406        miss      15 hits so far
  137     1302        miss      15 hits so far
  138     3229        miss      15 hits so far
  139     2395        miss      15 hits so far
  140     1510        miss      15 hits so far
  141     1354        miss      15 hits so far
  142     1562        miss      15 hits so far
  143     1041        HIT ◄   16 hits so far
  144     989         HIT ◄   17 hits so far
  145     1093        HIT ◄   18 hits so far
  146     1041        HIT ◄   19 hits so far
  147     2552        miss      19 hits so far
  148     1770        miss      19 hits so far
  149     2656        miss      19 hits so far
  150     1510        miss      19 hits so far
  151     1354        miss      19 hits so far
  152     1822        miss      19 hits so far
  153     1406        miss      19 hits so far
  154     1250        miss      19 hits so far
  155     2760        miss      19 hits so far
  156     1250        miss      19 hits so far
  157     1822        miss      19 hits so far
  158     1614        miss      19 hits so far
  159     1406        miss      19 hits so far
  160     1614        miss      19 hits so far
  161     1354        miss      19 hits so far
  162     1406        miss      19 hits so far
  163     3750        miss      19 hits so far
  164     1979        miss      19 hits so far
  165     1406        miss      19 hits so far
  166     2447        miss      19 hits so far
  167     1354        miss      19 hits so far
  168     1614        miss      19 hits so far
  169     1614        miss      19 hits so far
  170     1458        miss      19 hits so far
  171     2447        miss      19 hits so far
  172     1458        miss      19 hits so far
  173     1875        miss      19 hits so far
  174     2135        miss      19 hits so far
  175     1458        miss      19 hits so far
  176     2552        miss      19 hits so far
  177     1666        miss      19 hits so far
  178     1979        miss      19 hits so far
  179     3281        miss      19 hits so far
  180     1875        miss      19 hits so far
  181     10468       miss      19 hits so far
  182     1927        miss      19 hits so far
  183     1354        miss      19 hits so far
  184     2135        miss      19 hits so far
  185     1770        miss      19 hits so far
  186     2031        miss      19 hits so far
  187     2708        miss      19 hits so far
  188     1770        miss      19 hits so far
  189     3072        miss      19 hits so far
  190     2083        miss      19 hits so far
  191     1718        miss      19 hits so far
  192     2031        miss      19 hits so far
  193     1614        miss      19 hits so far
  194     1093        HIT ◄   20 hits so far
  195     2031        miss      20 hits so far
  196     2135        miss      20 hits so far
  197     2552        miss      20 hits so far
  198     2135        miss      20 hits so far
  199     2968        miss      20 hits so far
  200     1302        miss      20 hits so far

══════════════════════════════════════════════════════════════
  FLUSH+RELOAD — STATISTICAL SUMMARY  (190 samples)
══════════════════════════════════════════════════════════════
  Total cache hits   : 20 / 190  (10%)
  Average reload time: 1883 ns
  Threshold          : 1236 ns
  Verdict            : Low hit rate — check timing / CPU pinning.

══════════════════════════════════════════════════════════════
  EXTRACTING SESSION TOKEN FROM SPY PAGE
══════════════════════════════════════════════════════════════

  ╔════════════════════════════════════════════════════════════════╗
  ║  Offset   Hex (16 bytes/row)                   ASCII          ║
  ╠════════════════════════════════════════════════════════════════╣
  ║  0000   53 45 53 53 49 4f 4e 20  7c 20 69 64 3d 38 66 33  │ SESSION | id=8f3 ║
  ║  0010   61 31 63 39 64 32 65 37  62 34 30 35 36 20 7c 20  │ a1c9d2e7b4056 |  ║
  ║  0020   75 73 65 72 3d 62 6f 62  20 7c 20 72 6f 6c 65 3d  │ user=bob | role= ║
  ║  0030   61 64 6d 69 6e 20 7c 20  65 78 70 69 72 65 73 3d  │ admin | expires= ║
  ║  0040   31 37 38 31 33 30 33 33  35 38 20 7c 20 69 74 65  │ 1781303358 | ite ║
  ║  0050   72 3d 32 31 30 00 00 00  00 00 00 00 00 00 00 00  │ r=210........... ║
  ║  0060   00 00 00 00 00 00 00 00  00 00 00 00 00 00 00 00  │ ................ ║
  ║  0070   00 00 00 00 00 00 00 00  00 00 00 00 00 00 00 00  │ ................ ║
  ║  0080   00 00 00 00 00 00 00 00  00 00 00 00 00 00 00 00  │ ................ ║
  ║  0090   00 00 00 00 00 00 00 00  00 00 00 00 00 00 00 00  │ ................ ║
  ║  00a0   00 00 00 00 00 00 00 00  00 00 00 00 00 00 00 00  │ ................ ║
  ║  00b0   00 00 00 00 00 00 00 00  00 00 00 00 00 00 00 00  │ ................ ║
  ╚════════════════════════════════════════════════════════════════╝

  ╔══════════════════════════════════════════════════════════════╗
  ║       *** FLUSH+RELOAD ATTACK SUCCESSFUL ***                ║
  ╠══════════════════════════════════════════════════════════════╣
  ║  Cache hits observed   : 20                                  ║
  ║  Hit rate              : 10                                 %║
  ║  Average reload time   : 1883                              ns ║
  ╠══════════════════════════════════════════════════════════════╣
  ║  EXTRACTED SESSION TOKEN:                                   ║
  ║    SESSION | id=8f3a1c9d2e7b4056 | user=bob | role=admin | expire║
  ║    pires=1781303358 | iter=210                                   ║
  ╠══════════════════════════════════════════════════════════════╣
  ║  Attack used no IPC, no signals, no ptrace.                 ║
  ║  Token was read purely via cache timing side-channel.       ║
  ╚══════════════════════════════════════════════════════════════╝

[attacker] Done.
