╔══════════════════════════════════════════════════════════════╗
║  Flush+Reload Demo  –  ATTACKER  (ARMv8 / Cortex-A53)      ║
║  Monitoring spy file for victim accesses to session token.  ║
╚══════════════════════════════════════════════════════════════╝

[attacker] Timer frequency: 19200000 Hz  (52.1 ns/tick)

[attacker] Waiting for spy file '/tmp/fr_demo_spy' …

[attacker] Spy file opened (fd=4)
[attacker] Spy page mapped at virtual 0xffffbe39b000  (shared physical page)

[attacker] ── Phase 1: Calibration ──────────────────────────
[attacker] Calibration results (200 samples):
[attacker]   L2 cache HIT  =    134 ns  (line already in cache)
[attacker]   DRAM miss     =   2419 ns  (line not in cache)
[attacker]   Threshold     =   1276 ns  (midpoint)

[attacker] ── Phase 2: Flush+Reload Sampling ─────────────────
[attacker] Collecting 200 samples (warmup=10, wait=70 ms per sample)

  Sample  Reload(ns)  Decision  Running hit count
  ──────  ──────────  ────────  ─────────────────
  1       1406        miss      0 hits so far  (warmup)
  2       1666        miss      0 hits so far  (warmup)
  3       1250        HIT ◄   0 hits so far  (warmup)
  4       2395        miss      0 hits so far  (warmup)
  5       2031        miss      0 hits so far  (warmup)
  6       1666        miss      0 hits so far  (warmup)
  7       3281        miss      0 hits so far  (warmup)
  8       3541        miss      0 hits so far  (warmup)
  9       10104       miss      0 hits so far  (warmup)
  10      1302        miss      0 hits so far  (warmup)
  11      1197        HIT ◄   1 hits so far
  12      1614        miss      1 hits so far
  13      1458        miss      1 hits so far
  14      1354        miss      1 hits so far
  15      2239        miss      1 hits so far
  16      1562        miss      1 hits so far
  17      1927        miss      1 hits so far
  18      1770        miss      1 hits so far
  19      1614        miss      1 hits so far
  20      1354        miss      1 hits so far
  21      1197        HIT ◄   2 hits so far
  22      1458        miss      2 hits so far
  23      2812        miss      2 hits so far
  24      1927        miss      2 hits so far
  25      1562        miss      2 hits so far
  26      2083        miss      2 hits so far
  27      1145        HIT ◄   3 hits so far
  28      1562        miss      3 hits so far
  29      1302        miss      3 hits so far
  30      1458        miss      3 hits so far
  31      572         HIT ◄   4 hits so far
  32      2656        miss      4 hits so far
  33      1510        miss      4 hits so far
  34      1406        miss      4 hits so far
  35      1302        miss      4 hits so far
  36      1250        HIT ◄   5 hits so far
  37      1510        miss      5 hits so far
  38      1406        miss      5 hits so far
  39      937         HIT ◄   6 hits so far
  40      3958        miss      6 hits so far
  41      1458        miss      6 hits so far
  42      1093        HIT ◄   7 hits so far
  43      2500        miss      7 hits so far
  44      1406        miss      7 hits so far
  45      1875        miss      7 hits so far
  46      1770        miss      7 hits so far
  47      989         HIT ◄   8 hits so far
  48      2343        miss      8 hits so far
  49      1302        miss      8 hits so far
  50      1979        miss      8 hits so far
  51      1354        miss      8 hits so far
  52      1302        miss      8 hits so far
  53      1302        miss      8 hits so far
  54      1354        miss      8 hits so far
  55      1250        HIT ◄   9 hits so far
  56      3854        miss      9 hits so far
  57      1875        miss      9 hits so far
  58      1927        miss      9 hits so far
  59      2864        miss      9 hits so far
  60      2604        miss      9 hits so far
  61      3177        miss      9 hits so far
  62      1666        miss      9 hits so far
  63      1406        miss      9 hits so far
  64      2760        miss      9 hits so far
  65      2239        miss      9 hits so far
  66      1927        miss      9 hits so far
  67      2083        miss      9 hits so far
  68      1770        miss      9 hits so far
  69      1979        miss      9 hits so far
  70      1666        miss      9 hits so far
  71      1875        miss      9 hits so far
  72      3229        miss      9 hits so far
  73      2187        miss      9 hits so far
  74      2083        miss      9 hits so far
  75      2343        miss      9 hits so far
  76      2447        miss      9 hits so far
  77      1718        miss      9 hits so far
  78      2395        miss      9 hits so far
  79      1510        miss      9 hits so far
  80      2760        miss      9 hits so far
  81      2552        miss      9 hits so far
  82      2291        miss      9 hits so far
  83      2395        miss      9 hits so far
  84      3489        miss      9 hits so far
  85      1927        miss      9 hits so far
  86      2083        miss      9 hits so far
  87      1875        miss      9 hits so far
  88      3333        miss      9 hits so far
  89      2031        miss      9 hits so far
  90      2447        miss      9 hits so far
  91      1354        miss      9 hits so far
  92      2343        miss      9 hits so far
  93      2187        miss      9 hits so far
  94      2239        miss      9 hits so far
  95      2395        miss      9 hits so far
  96      2083        miss      9 hits so far
  97      1406        miss      9 hits so far
  98      1145        HIT ◄   10 hits so far
  99      1302        miss      10 hits so far
  100     2760        miss      10 hits so far
  101     1458        miss      10 hits so far
  102     1562        miss      10 hits so far
  103     1927        miss      10 hits so far
  104     1562        miss      10 hits so far
  105     1718        miss      10 hits so far
  106     1145        HIT ◄   11 hits so far
  107     1510        miss      11 hits so far
  108     3489        miss      11 hits so far
  109     1041        HIT ◄   12 hits so far
  110     1562        miss      12 hits so far
  111     1197        HIT ◄   13 hits so far
  112     1562        miss      13 hits so far
  113     2604        miss      13 hits so far
  114     1562        miss      13 hits so far
  115     1458        miss      13 hits so far
  116     2812        miss      13 hits so far
  117     2083        miss      13 hits so far
  118     1875        miss      13 hits so far
  119     2343        miss      13 hits so far
  120     2291        miss      13 hits so far
  121     1822        miss      13 hits so far
  122     2135        miss      13 hits so far
  123     1770        miss      13 hits so far
  124     3229        miss      13 hits so far
  125     2656        miss      13 hits so far
  126     1666        miss      13 hits so far
  127     2187        miss      13 hits so far
  128     1302        miss      13 hits so far
  129     1666        miss      13 hits so far
  130     1041        HIT ◄   14 hits so far
  131     1197        HIT ◄   15 hits so far
  132     781         HIT ◄   16 hits so far
  133     2447        miss      16 hits so far
  134     2135        miss      16 hits so far
  135     2916        miss      16 hits so far
  136     3645        miss      16 hits so far
  137     1718        miss      16 hits so far
  138     1822        miss      16 hits so far
  139     1718        miss      16 hits so far
  140     729         HIT ◄   17 hits so far
  141     2447        miss      17 hits so far
  142     1718        miss      17 hits so far
  143     1666        miss      17 hits so far
  144     2239        miss      17 hits so far
  145     2031        miss      17 hits so far
  146     8125        miss      17 hits so far
  147     1562        miss      17 hits so far
  148     1354        miss      17 hits so far
  149     3281        miss      17 hits so far
  150     1875        miss      17 hits so far
  151     1718        miss      17 hits so far
  152     1979        miss      17 hits so far
  153     1302        miss      17 hits so far
  154     1614        miss      17 hits so far
  155     1979        miss      17 hits so far
  156     1458        miss      17 hits so far
  157     3229        miss      17 hits so far
  158     1718        miss      17 hits so far
  159     2395        miss      17 hits so far
  160     2031        miss      17 hits so far
  161     2187        miss      17 hits so far
  162     1979        miss      17 hits so far
  163     2083        miss      17 hits so far
  164     2187        miss      17 hits so far
  165     2968        miss      17 hits so far
  166     1979        miss      17 hits so far
  167     2239        miss      17 hits so far
  168     2239        miss      17 hits so far
  169     1979        miss      17 hits so far
  170     2083        miss      17 hits so far
  171     1562        miss      17 hits so far
  172     1718        miss      17 hits so far
  173     3020        miss      17 hits so far
  174     1979        miss      17 hits so far
  175     2968        miss      17 hits so far
  176     1875        miss      17 hits so far
  177     1979        miss      17 hits so far
  178     2395        miss      17 hits so far
  179     2447        miss      17 hits so far
  180     1718        miss      17 hits so far
  181     3281        miss      17 hits so far
  182     1718        miss      17 hits so far
  183     1979        miss      17 hits so far
  184     1718        miss      17 hits so far
  185     1406        miss      17 hits so far
  186     1250        HIT ◄   18 hits so far
  187     1614        miss      18 hits so far
  188     1302        miss      18 hits so far
  189     2135        miss      18 hits so far
  190     2447        miss      18 hits so far
  191     1562        miss      18 hits so far
  192     2343        miss      18 hits so far
  193     1979        miss      18 hits so far
  194     2552        miss      18 hits so far
  195     1510        miss      18 hits so far
  196     1458        miss      18 hits so far
  197     2656        miss      18 hits so far
  198     1822        miss      18 hits so far
  199     1562        miss      18 hits so far
  200     1354        miss      18 hits so far

══════════════════════════════════════════════════════════════
  FLUSH+RELOAD — STATISTICAL SUMMARY  (190 samples)
══════════════════════════════════════════════════════════════
  Total cache hits   : 18 / 190  (9%)
  Average reload time: 1971 ns
  Threshold          : 1276 ns
  Verdict            : Low hit rate — check timing / CPU pinning.

══════════════════════════════════════════════════════════════
  EXTRACTING SESSION TOKEN FROM SPY PAGE
══════════════════════════════════════════════════════════════

  ╔════════════════════════════════════════════════════════════════╗
  ║  Offset   Hex (16 bytes/row)                   ASCII          ║
  ╠════════════════════════════════════════════════════════════════╣
  ║  0000   53 45 53 53 49 4f 4e 20  7c 20 69 64 3d 38 66 33  │ SESSION | id=8f3 ║
  ║  0010   61 31 63 39 64 32 65 37  62 34 30 35 36 20 7c 20  │ a1c9d2e7b4056 |  ║
  ║  0020   75 73 65 72 3d 62 6f 62  20 7c 20 72 6f 6c 65 3d  │ user=bob | role= ║
  ║  0030   61 64 6d 69 6e 20 7c 20  65 78 70 69 72 65 73 3d  │ admin | expires= ║
  ║  0040   31 37 38 31 33 30 33 31  37 37 20 7c 20 69 74 65  │ 1781303177 | ite ║
  ║  0050   72 3d 31 38 33 00 00 00  00 00 00 00 00 00 00 00  │ r=183........... ║
  ║  0060   00 00 00 00 00 00 00 00  00 00 00 00 00 00 00 00  │ ................ ║
  ║  0070   00 00 00 00 00 00 00 00  00 00 00 00 00 00 00 00  │ ................ ║
  ║  0080   00 00 00 00 00 00 00 00  00 00 00 00 00 00 00 00  │ ................ ║
  ║  0090   00 00 00 00 00 00 00 00  00 00 00 00 00 00 00 00  │ ................ ║
  ║  00a0   00 00 00 00 00 00 00 00  00 00 00 00 00 00 00 00  │ ................ ║
  ║  00b0   00 00 00 00 00 00 00 00  00 00 00 00 00 00 00 00  │ ................ ║
  ╚════════════════════════════════════════════════════════════════╝

  ╔══════════════════════════════════════════════════════════════╗
  ║       *** FLUSH+RELOAD ATTACK SUCCESSFUL ***                ║
  ╠══════════════════════════════════════════════════════════════╣
  ║  Cache hits observed   : 18                                  ║
  ║  Hit rate              : 9                                  %║
  ║  Average reload time   : 1971                              ns ║
  ╠══════════════════════════════════════════════════════════════╣
  ║  EXTRACTED SESSION TOKEN:                                   ║
  ║    SESSION | id=8f3a1c9d2e7b4056 | user=bob | role=admin | expire║
  ║    pires=1781303177 | iter=183                                   ║
  ╠══════════════════════════════════════════════════════════════╣
  ║  Attack used no IPC, no signals, no ptrace.                 ║
  ║  Token was read purely via cache timing side-channel.       ║
  ╚══════════════════════════════════════════════════════════════╝

[attacker] Done.
