╔══════════════════════════════════════════════════════════════╗
║  Flush+Reload Demo  –  ATTACKER  (ARMv8 / Cortex-A53)      ║
║  Monitoring spy file for victim accesses to session token.  ║
╚══════════════════════════════════════════════════════════════╝

[attacker] Timer frequency: 19200000 Hz  (52.1 ns/tick)

[attacker] Waiting for spy file '/tmp/fr_demo_spy' …

[attacker] Spy file opened (fd=4)
[attacker] Spy page mapped at virtual 0xffffac8f2000  (shared physical page)

[attacker] ── Phase 1: Calibration ──────────────────────────
[attacker] Calibration results (200 samples):
[attacker]   L2 cache HIT  =    132 ns  (line already in cache)
[attacker]   DRAM miss     =   2801 ns  (line not in cache)
[attacker]   Threshold     =   1466 ns  (midpoint)

[attacker] ── Phase 2: Flush+Reload Sampling ─────────────────
[attacker] Collecting 200 samples (warmup=10, wait=70 ms per sample)

  Sample  Reload(ns)  Decision  Running hit count
  ──────  ──────────  ────────  ─────────────────
  1       2135        miss      0 hits so far  (warmup)
  2       2135        miss      0 hits so far  (warmup)
  3       2500        miss      0 hits so far  (warmup)
  4       2343        miss      0 hits so far  (warmup)
  5       2343        miss      0 hits so far  (warmup)
  6       1979        miss      0 hits so far  (warmup)
  7       2083        miss      0 hits so far  (warmup)
  8       3072        miss      0 hits so far  (warmup)
  9       1927        miss      0 hits so far  (warmup)
  10      2083        miss      0 hits so far  (warmup)
  11      2500        miss      0 hits so far
  12      1927        miss      0 hits so far
  13      2187        miss      0 hits so far
  14      1979        miss      0 hits so far
  15      1875        miss      0 hits so far
  16      1822        miss      0 hits so far
  17      1510        miss      0 hits so far
  18      1510        miss      0 hits so far
  19      2395        miss      0 hits so far
  20      2135        miss      0 hits so far
  21      1875        miss      0 hits so far
  22      2500        miss      0 hits so far
  23      1666        miss      0 hits so far
  24      1666        miss      0 hits so far
  25      1979        miss      0 hits so far
  26      2031        miss      0 hits so far
  27      2604        miss      0 hits so far
  28      1979        miss      0 hits so far
  29      1875        miss      0 hits so far
  30      1979        miss      0 hits so far
  31      2343        miss      0 hits so far
  32      1562        miss      0 hits so far
  33      1875        miss      0 hits so far
  34      1406        HIT ◄   1 hits so far
  35      2343        miss      1 hits so far
  36      2187        miss      1 hits so far
  37      2031        miss      1 hits so far
  38      2083        miss      1 hits so far
  39      1354        HIT ◄   2 hits so far
  40      1250        HIT ◄   3 hits so far
  41      1822        miss      3 hits so far
  42      1250        HIT ◄   4 hits so far
  43      520         HIT ◄   5 hits so far
  44      2135        miss      5 hits so far
  45      1197        HIT ◄   6 hits so far
  46      1562        miss      6 hits so far
  47      1614        miss      6 hits so far
  48      1562        miss      6 hits so far
  49      1093        HIT ◄   7 hits so far
  50      1979        miss      7 hits so far
  51      729         HIT ◄   8 hits so far
  52      2760        miss      8 hits so far
  53      2447        miss      8 hits so far
  54      1406        HIT ◄   9 hits so far
  55      2239        miss      9 hits so far
  56      1666        miss      9 hits so far
  57      1666        miss      9 hits so far
  58      1822        miss      9 hits so far
  59      989         HIT ◄   10 hits so far
  60      3385        miss      10 hits so far
  61      1666        miss      10 hits so far
  62      2760        miss      10 hits so far
  63      2552        miss      10 hits so far
  64      1822        miss      10 hits so far
  65      1614        miss      10 hits so far
  66      1979        miss      10 hits so far
  67      1458        HIT ◄   11 hits so far
  68      2708        miss      11 hits so far
  69      2031        miss      11 hits so far
  70      1250        HIT ◄   12 hits so far
  71      1354        HIT ◄   13 hits so far
  72      1822        miss      13 hits so far
  73      1875        miss      13 hits so far
  74      1822        miss      13 hits so far
  75      1458        HIT ◄   14 hits so far
  76      2500        miss      14 hits so far
  77      1979        miss      14 hits so far
  78      2239        miss      14 hits so far
  79      2708        miss      14 hits so far
  80      1770        miss      14 hits so far
  81      2187        miss      14 hits so far
  82      1822        miss      14 hits so far
  83      1510        miss      14 hits so far
  84      2135        miss      14 hits so far
  85      1979        miss      14 hits so far
  86      2031        miss      14 hits so far
  87      2760        miss      14 hits so far
  88      1875        miss      14 hits so far
  89      1666        miss      14 hits so far
  90      1666        miss      14 hits so far
  91      2187        miss      14 hits so far
  92      2656        miss      14 hits so far
  93      1822        miss      14 hits so far
  94      1666        miss      14 hits so far
  95      2031        miss      14 hits so far
  96      2083        miss      14 hits so far
  97      2552        miss      14 hits so far
  98      1406        HIT ◄   15 hits so far
  99      1979        miss      15 hits so far
  100     2343        miss      15 hits so far
  101     1979        miss      15 hits so far
  102     1250        HIT ◄   16 hits so far
  103     1093        HIT ◄   17 hits so far
  104     1145        HIT ◄   18 hits so far
  105     1510        miss      18 hits so far
  106     2447        miss      18 hits so far
  107     1718        miss      18 hits so far
  108     2291        miss      18 hits so far
  109     1979        miss      18 hits so far
  110     1666        miss      18 hits so far
  111     2291        miss      18 hits so far
  112     1718        miss      18 hits so far
  113     1770        miss      18 hits so far
  114     3593        miss      18 hits so far
  115     1510        miss      18 hits so far
  116     2812        miss      18 hits so far
  117     1875        miss      18 hits so far
  118     1979        miss      18 hits so far
  119     60416       miss      18 hits so far
  120     2291        miss      18 hits so far
  121     2395        miss      18 hits so far
  122     1718        miss      18 hits so far
  123     3020        miss      18 hits so far
  124     625         HIT ◄   19 hits so far
  125     2291        miss      19 hits so far
  126     2447        miss      19 hits so far
  127     1770        miss      19 hits so far
  128     2343        miss      19 hits so far
  129     1510        miss      19 hits so far
  130     2135        miss      19 hits so far
  131     1770        miss      19 hits so far
  132     1093        HIT ◄   20 hits so far
  133     2291        miss      20 hits so far
  134     2083        miss      20 hits so far
  135     2031        miss      20 hits so far
  136     2604        miss      20 hits so far
  137     1979        miss      20 hits so far
  138     2447        miss      20 hits so far
  139     1822        miss      20 hits so far
  140     1614        miss      20 hits so far
  141     3125        miss      20 hits so far
  142     1822        miss      20 hits so far
  143     1406        HIT ◄   21 hits so far
  144     1770        miss      21 hits so far
  145     2031        miss      21 hits so far
  146     1875        miss      21 hits so far
  147     2239        miss      21 hits so far
  148     1302        HIT ◄   22 hits so far
  149     2343        miss      22 hits so far
  150     1875        miss      22 hits so far
  151     2343        miss      22 hits so far
  152     2083        miss      22 hits so far
  153     1822        miss      22 hits so far
  154     1979        miss      22 hits so far
  155     1406        HIT ◄   23 hits so far
  156     1510        miss      23 hits so far
  157     2343        miss      23 hits so far
  158     2135        miss      23 hits so far
  159     1458        HIT ◄   24 hits so far
  160     1093        HIT ◄   25 hits so far
  161     1197        HIT ◄   26 hits so far
  162     1145        HIT ◄   27 hits so far
  163     1354        HIT ◄   28 hits so far

[attacker] ★ 5 consecutive cache HITS — victim access confirmed!

  164     989         HIT ◄   29 hits so far
  165     2395        miss      29 hits so far
  166     1250        HIT ◄   30 hits so far
  167     1145        HIT ◄   31 hits so far
  168     1614        miss      31 hits so far
  169     2083        miss      31 hits so far
  170     1458        HIT ◄   32 hits so far
  171     1197        HIT ◄   33 hits so far
  172     1614        miss      33 hits so far
  173     2552        miss      33 hits so far
  174     1927        miss      33 hits so far
  175     2135        miss      33 hits so far
  176     1979        miss      33 hits so far
  177     1718        miss      33 hits so far
  178     2083        miss      33 hits so far
  179     2083        miss      33 hits so far
  180     1666        miss      33 hits so far
  181     3281        miss      33 hits so far
  182     2031        miss      33 hits so far
  183     1666        miss      33 hits so far
  184     1927        miss      33 hits so far
  185     2916        miss      33 hits so far
  186     1458        HIT ◄   34 hits so far
  187     2395        miss      34 hits so far
  188     1562        miss      34 hits so far
  189     2552        miss      34 hits so far
  190     2968        miss      34 hits so far
  191     1406        HIT ◄   35 hits so far
  192     1458        HIT ◄   36 hits so far
  193     1093        HIT ◄   37 hits so far
  194     1197        HIT ◄   38 hits so far
  195     1093        HIT ◄   39 hits so far
  196     1979        miss      39 hits so far
  197     520         HIT ◄   40 hits so far
  198     2916        miss      40 hits so far
  199     1614        miss      40 hits so far
  200     1875        miss      40 hits so far

══════════════════════════════════════════════════════════════
  FLUSH+RELOAD — STATISTICAL SUMMARY  (190 samples)
══════════════════════════════════════════════════════════════
  Total cache hits   : 40 / 190  (21%)
  Average reload time: 2204 ns
  Threshold          : 1466 ns
  Verdict            : Low hit rate — check timing / CPU pinning.

══════════════════════════════════════════════════════════════
  EXTRACTING SESSION TOKEN FROM SPY PAGE
══════════════════════════════════════════════════════════════

  ╔════════════════════════════════════════════════════════════════╗
  ║  Offset   Hex (16 bytes/row)                   ASCII          ║
  ╠════════════════════════════════════════════════════════════════╣
  ║  0000   53 45 53 53 49 4f 4e 20  7c 20 69 64 3d 38 66 33  │ SESSION | id=8f3 ║
  ║  0010   61 31 63 39 64 32 65 37  62 34 30 35 36 20 7c 20  │ a1c9d2e7b4056 |  ║
  ║  0020   75 73 65 72 3d 62 6f 62  20 7c 20 72 6f 6c 65 3d  │ user=bob | role= ║
  ║  0030   61 64 6d 69 6e 20 7c 20  65 78 70 69 72 65 73 3d  │ admin | expires= ║
  ║  0040   31 37 38 31 33 30 33 32  32 33 20 7c 20 69 74 65  │ 1781303223 | ite ║
  ║  0050   72 3d 31 37 37 00 00 00  00 00 00 00 00 00 00 00  │ r=177........... ║
  ║  0060   00 00 00 00 00 00 00 00  00 00 00 00 00 00 00 00  │ ................ ║
  ║  0070   00 00 00 00 00 00 00 00  00 00 00 00 00 00 00 00  │ ................ ║
  ║  0080   00 00 00 00 00 00 00 00  00 00 00 00 00 00 00 00  │ ................ ║
  ║  0090   00 00 00 00 00 00 00 00  00 00 00 00 00 00 00 00  │ ................ ║
  ║  00a0   00 00 00 00 00 00 00 00  00 00 00 00 00 00 00 00  │ ................ ║
  ║  00b0   00 00 00 00 00 00 00 00  00 00 00 00 00 00 00 00  │ ................ ║
  ╚════════════════════════════════════════════════════════════════╝

  ╔══════════════════════════════════════════════════════════════╗
  ║       *** FLUSH+RELOAD ATTACK SUCCESSFUL ***                ║
  ╠══════════════════════════════════════════════════════════════╣
  ║  Cache hits observed   : 40                                  ║
  ║  Hit rate              : 21                                 %║
  ║  Average reload time   : 2204                              ns ║
  ╠══════════════════════════════════════════════════════════════╣
  ║  EXTRACTED SESSION TOKEN:                                   ║
  ║    SESSION | id=8f3a1c9d2e7b4056 | user=bob | role=admin | expire║
  ║    pires=1781303223 | iter=177                                   ║
  ╠══════════════════════════════════════════════════════════════╣
  ║  Attack used no IPC, no signals, no ptrace.                 ║
  ║  Token was read purely via cache timing side-channel.       ║
  ╚══════════════════════════════════════════════════════════════╝

[attacker] Done.
